日志时间:2017-12-19 18:11:32
日志级别:Info
日志位置:类[],方法[]
日志内容:苏A88888

日志时间:2017-12-19 18:19:01
日志级别:Info
日志位置:类[],方法[]
日志内容:指令单编号：2017121900001
    车牌号：苏A88888


日志时间:2017-12-19 18:19:51
日志级别:Info
日志位置:类[],方法[]
日志内容:指令单编号：2017121900001
    车牌号：苏A88888


日志时间:2017-12-19 18:20:43
日志级别:Info
日志位置:类[],方法[]
日志内容:指令单编号：2017121900004
指令单编号：2017121900003
指令单编号：2017121900001
    车牌号：苏A88888


日志时间:2017-12-19 18:21:28
日志级别:Info
日志位置:类[],方法[]
日志内容:
指令单编号：2017121900004
指令单编号：2017121900003
指令单编号：2017121900001
    车牌号：苏A88888


