日志时间:2017-12-18 21:25:14
日志级别:Info
日志位置:类[MainUI],方法[InitProgram]
日志内容:未将对象引用设置到对象的实例。

日志时间:2017-12-18 21:25:19
日志级别:Info
日志位置:类[MainUI],方法[MainUI_FormClosing]
日志内容:未将对象引用设置到对象的实例。

日志时间:2017-12-18 21:29:42
日志级别:Info
日志位置:类[MainUI],方法[InitProgram]
日志内容:未将对象引用设置到对象的实例。

日志时间:2017-12-18 21:29:46
日志级别:Info
日志位置:类[MainUI],方法[MainUI_FormClosing]
日志内容:未将对象引用设置到对象的实例。

日志时间:2017-12-18 21:31:19
日志级别:Info
日志位置:类[MainUI],方法[InitProgram]
日志内容:未将对象引用设置到对象的实例。

日志时间:2017-12-18 21:31:26
日志级别:Info
日志位置:类[MainUI],方法[MainUI_FormClosing]
日志内容:未将对象引用设置到对象的实例。

