日志时间:2017-12-21 17:57:00
日志级别:Info
日志位置:类[Core],方法[BSClient_DisConnected]
日志内容:BSSClient报错：远程主机强迫关闭了一个现有的连接。

日志时间:2017-12-21 17:57:10
日志级别:Info
日志位置:类[Core],方法[BSClient_DisConnected]
日志内容:BSSClient报错：远程主机强迫关闭了一个现有的连接。

日志时间:2017-12-21 17:57:20
日志级别:Info
日志位置:类[Core],方法[BSClient_DisConnected]
日志内容:BSSClient报错：远程主机强迫关闭了一个现有的连接。

日志时间:2017-12-21 17:57:30
日志级别:Info
日志位置:类[Core],方法[BSClient_DisConnected]
日志内容:BSSClient报错：远程主机强迫关闭了一个现有的连接。

日志时间:2017-12-21 17:57:40
日志级别:Info
日志位置:类[Core],方法[BSClient_DisConnected]
日志内容:BSSClient报错：远程主机强迫关闭了一个现有的连接。

日志时间:2017-12-21 17:57:50
日志级别:Info
日志位置:类[Core],方法[BSClient_DisConnected]
日志内容:BSSClient报错：远程主机强迫关闭了一个现有的连接。

日志时间:2017-12-21 17:58:00
日志级别:Info
日志位置:类[Core],方法[BSClient_DisConnected]
日志内容:BSSClient报错：远程主机强迫关闭了一个现有的连接。

日志时间:2017-12-21 17:58:10
日志级别:Info
日志位置:类[Core],方法[BSClient_DisConnected]
日志内容:BSSClient报错：远程主机强迫关闭了一个现有的连接。

日志时间:2017-12-21 17:58:20
日志级别:Info
日志位置:类[Core],方法[BSClient_DisConnected]
日志内容:BSSClient报错：远程主机强迫关闭了一个现有的连接。

日志时间:2017-12-21 17:58:30
日志级别:Info
日志位置:类[Core],方法[BSClient_DisConnected]
日志内容:BSSClient报错：远程主机强迫关闭了一个现有的连接。

日志时间:2017-12-21 17:58:40
日志级别:Info
日志位置:类[Core],方法[BSClient_DisConnected]
日志内容:BSSClient报错：远程主机强迫关闭了一个现有的连接。

日志时间:2017-12-21 17:58:50
日志级别:Info
日志位置:类[Core],方法[BSClient_DisConnected]
日志内容:BSSClient报错：远程主机强迫关闭了一个现有的连接。

日志时间:2017-12-21 17:59:00
日志级别:Info
日志位置:类[Core],方法[BSClient_DisConnected]
日志内容:BSSClient报错：远程主机强迫关闭了一个现有的连接。

日志时间:2017-12-21 17:59:10
日志级别:Info
日志位置:类[Core],方法[BSClient_DisConnected]
日志内容:BSSClient报错：远程主机强迫关闭了一个现有的连接。

日志时间:2017-12-21 17:59:20
日志级别:Info
日志位置:类[Core],方法[BSClient_DisConnected]
日志内容:BSSClient报错：远程主机强迫关闭了一个现有的连接。

日志时间:2017-12-21 17:59:30
日志级别:Info
日志位置:类[Core],方法[BSClient_DisConnected]
日志内容:BSSClient报错：远程主机强迫关闭了一个现有的连接。

日志时间:2017-12-21 17:59:40
日志级别:Info
日志位置:类[Core],方法[BSClient_DisConnected]
日志内容:BSSClient报错：远程主机强迫关闭了一个现有的连接。

日志时间:2017-12-21 17:59:50
日志级别:Info
日志位置:类[Core],方法[BSClient_DisConnected]
日志内容:BSSClient报错：远程主机强迫关闭了一个现有的连接。

日志时间:2017-12-21 18:00:00
日志级别:Info
日志位置:类[Core],方法[BSClient_DisConnected]
日志内容:BSSClient报错：远程主机强迫关闭了一个现有的连接。

日志时间:2017-12-21 18:00:10
日志级别:Info
日志位置:类[Core],方法[BSClient_DisConnected]
日志内容:BSSClient报错：远程主机强迫关闭了一个现有的连接。

日志时间:2017-12-21 18:00:20
日志级别:Info
日志位置:类[Core],方法[BSClient_DisConnected]
日志内容:BSSClient报错：远程主机强迫关闭了一个现有的连接。

日志时间:2017-12-21 18:00:30
日志级别:Info
日志位置:类[Core],方法[BSClient_DisConnected]
日志内容:BSSClient报错：远程主机强迫关闭了一个现有的连接。

日志时间:2017-12-21 18:00:40
日志级别:Info
日志位置:类[Core],方法[BSClient_DisConnected]
日志内容:BSSClient报错：远程主机强迫关闭了一个现有的连接。

日志时间:2017-12-21 18:00:50
日志级别:Info
日志位置:类[Core],方法[BSClient_DisConnected]
日志内容:BSSClient报错：远程主机强迫关闭了一个现有的连接。

日志时间:2017-12-21 18:01:00
日志级别:Info
日志位置:类[Core],方法[BSClient_DisConnected]
日志内容:BSSClient报错：远程主机强迫关闭了一个现有的连接。

日志时间:2017-12-21 18:01:10
日志级别:Info
日志位置:类[Core],方法[BSClient_DisConnected]
日志内容:BSSClient报错：远程主机强迫关闭了一个现有的连接。

日志时间:2017-12-21 18:01:20
日志级别:Info
日志位置:类[Core],方法[BSClient_DisConnected]
日志内容:BSSClient报错：远程主机强迫关闭了一个现有的连接。

日志时间:2017-12-21 18:01:30
日志级别:Info
日志位置:类[Core],方法[BSClient_DisConnected]
日志内容:BSSClient报错：远程主机强迫关闭了一个现有的连接。

日志时间:2017-12-21 18:01:40
日志级别:Info
日志位置:类[Core],方法[BSClient_DisConnected]
日志内容:BSSClient报错：远程主机强迫关闭了一个现有的连接。

日志时间:2017-12-21 18:01:50
日志级别:Info
日志位置:类[Core],方法[BSClient_DisConnected]
日志内容:BSSClient报错：远程主机强迫关闭了一个现有的连接。

日志时间:2017-12-21 18:02:00
日志级别:Info
日志位置:类[Core],方法[BSClient_DisConnected]
日志内容:BSSClient报错：远程主机强迫关闭了一个现有的连接。

日志时间:2017-12-21 18:02:10
日志级别:Info
日志位置:类[Core],方法[BSClient_DisConnected]
日志内容:BSSClient报错：远程主机强迫关闭了一个现有的连接。

日志时间:2017-12-21 18:02:20
日志级别:Info
日志位置:类[Core],方法[BSClient_DisConnected]
日志内容:BSSClient报错：远程主机强迫关闭了一个现有的连接。

日志时间:2017-12-21 18:02:30
日志级别:Info
日志位置:类[Core],方法[BSClient_DisConnected]
日志内容:BSSClient报错：远程主机强迫关闭了一个现有的连接。

日志时间:2017-12-21 18:02:40
日志级别:Info
日志位置:类[Core],方法[BSClient_DisConnected]
日志内容:BSSClient报错：远程主机强迫关闭了一个现有的连接。

日志时间:2017-12-21 18:02:50
日志级别:Info
日志位置:类[Core],方法[BSClient_DisConnected]
日志内容:BSSClient报错：远程主机强迫关闭了一个现有的连接。

日志时间:2017-12-21 18:03:00
日志级别:Info
日志位置:类[Core],方法[BSClient_DisConnected]
日志内容:BSSClient报错：远程主机强迫关闭了一个现有的连接。

日志时间:2017-12-21 18:03:10
日志级别:Info
日志位置:类[Core],方法[BSClient_DisConnected]
日志内容:BSSClient报错：远程主机强迫关闭了一个现有的连接。

日志时间:2017-12-21 18:03:20
日志级别:Info
日志位置:类[Core],方法[BSClient_DisConnected]
日志内容:BSSClient报错：远程主机强迫关闭了一个现有的连接。

日志时间:2017-12-21 18:03:30
日志级别:Info
日志位置:类[Core],方法[BSClient_DisConnected]
日志内容:BSSClient报错：远程主机强迫关闭了一个现有的连接。

日志时间:2017-12-21 18:03:40
日志级别:Info
日志位置:类[Core],方法[BSClient_DisConnected]
日志内容:BSSClient报错：远程主机强迫关闭了一个现有的连接。

日志时间:2017-12-21 18:03:50
日志级别:Info
日志位置:类[Core],方法[BSClient_DisConnected]
日志内容:BSSClient报错：远程主机强迫关闭了一个现有的连接。

日志时间:2017-12-21 18:03:57
日志级别:Info
日志位置:类[Core],方法[BSClient_DisConnected]
日志内容:BSSClient报错：一个封锁操作被对 WSACancelBlockingCall 的调用中断。

日志时间:2017-12-21 18:03:57
日志级别:Info
日志位置:类[Core],方法[GSClient_DisConnected]
日志内容:GPSClient报错：一个封锁操作被对 WSACancelBlockingCall 的调用中断。

日志时间:2017-12-21 18:03:57
日志级别:Info
日志位置:类[Core],方法[BSClient_DisConnected]
日志内容:BSSClient报错：UdpClient 已关闭。无法访问已释放的对象。
对象名:“System.Net.Sockets.UdpClient”。

日志时间:2017-12-21 18:03:57
日志级别:Info
日志位置:类[Core],方法[GSClient_DisConnected]
日志内容:GPSClient报错：UdpClient 已关闭。无法访问已释放的对象。
对象名:“System.Net.Sockets.UdpClient”。

日志时间:2017-12-21 18:03:57
日志级别:Info
日志位置:类[Core],方法[BSClient_DisConnected]
日志内容:BSSClient报错：UdpClient 已关闭。无法访问已释放的对象。
对象名:“System.Net.Sockets.UdpClient”。

日志时间:2017-12-21 18:03:57
日志级别:Info
日志位置:类[Core],方法[GSClient_DisConnected]
日志内容:GPSClient报错：UdpClient 已关闭。无法访问已释放的对象。
对象名:“System.Net.Sockets.UdpClient”。

日志时间:2017-12-21 18:03:57
日志级别:Info
日志位置:类[Core],方法[BSClient_DisConnected]
日志内容:BSSClient报错：UdpClient 已关闭。无法访问已释放的对象。
对象名:“System.Net.Sockets.UdpClient”。

日志时间:2017-12-21 18:03:57
日志级别:Info
日志位置:类[Core],方法[GSClient_DisConnected]
日志内容:GPSClient报错：UdpClient 已关闭。无法访问已释放的对象。
对象名:“System.Net.Sockets.UdpClient”。

日志时间:2017-12-21 18:03:57
日志级别:Info
日志位置:类[Core],方法[BSClient_DisConnected]
日志内容:BSSClient报错：UdpClient 已关闭。无法访问已释放的对象。
对象名:“System.Net.Sockets.UdpClient”。

日志时间:2017-12-21 18:03:57
日志级别:Info
日志位置:类[Core],方法[GSClient_DisConnected]
日志内容:GPSClient报错：UdpClient 已关闭。无法访问已释放的对象。
对象名:“System.Net.Sockets.UdpClient”。

日志时间:2017-12-21 18:03:57
日志级别:Info
日志位置:类[Core],方法[BSClient_DisConnected]
日志内容:BSSClient报错：UdpClient 已关闭。无法访问已释放的对象。
对象名:“System.Net.Sockets.UdpClient”。

日志时间:2017-12-21 18:03:57
日志级别:Info
日志位置:类[Core],方法[GSClient_DisConnected]
日志内容:GPSClient报错：UdpClient 已关闭。无法访问已释放的对象。
对象名:“System.Net.Sockets.UdpClient”。

日志时间:2017-12-21 18:03:57
日志级别:Info
日志位置:类[Core],方法[BSClient_DisConnected]
日志内容:BSSClient报错：UdpClient 已关闭。无法访问已释放的对象。
对象名:“System.Net.Sockets.UdpClient”。

日志时间:2017-12-21 18:03:57
日志级别:Info
日志位置:类[Core],方法[GSClient_DisConnected]
日志内容:GPSClient报错：UdpClient 已关闭。无法访问已释放的对象。
对象名:“System.Net.Sockets.UdpClient”。

日志时间:2017-12-21 18:03:57
日志级别:Info
日志位置:类[Core],方法[BSClient_DisConnected]
日志内容:BSSClient报错：UdpClient 已关闭。无法访问已释放的对象。
对象名:“System.Net.Sockets.UdpClient”。

日志时间:2017-12-21 18:03:57
日志级别:Info
日志位置:类[Core],方法[GSClient_DisConnected]
日志内容:GPSClient报错：UdpClient 已关闭。无法访问已释放的对象。
对象名:“System.Net.Sockets.UdpClient”。

日志时间:2017-12-21 18:03:57
日志级别:Info
日志位置:类[Core],方法[BSClient_DisConnected]
日志内容:BSSClient报错：UdpClient 已关闭。无法访问已释放的对象。
对象名:“System.Net.Sockets.UdpClient”。

日志时间:2017-12-21 18:03:57
日志级别:Info
日志位置:类[Core],方法[GSClient_DisConnected]
日志内容:GPSClient报错：UdpClient 已关闭。无法访问已释放的对象。
对象名:“System.Net.Sockets.UdpClient”。

日志时间:2017-12-21 18:03:57
日志级别:Info
日志位置:类[Core],方法[BSClient_DisConnected]
日志内容:BSSClient报错：UdpClient 已关闭。无法访问已释放的对象。
对象名:“System.Net.Sockets.UdpClient”。

日志时间:2017-12-21 18:03:57
日志级别:Info
日志位置:类[Core],方法[GSClient_DisConnected]
日志内容:GPSClient报错：UdpClient 已关闭。无法访问已释放的对象。
对象名:“System.Net.Sockets.UdpClient”。

日志时间:2017-12-21 18:03:57
日志级别:Info
日志位置:类[Core],方法[BSClient_DisConnected]
日志内容:BSSClient报错：UdpClient 已关闭。无法访问已释放的对象。
对象名:“System.Net.Sockets.UdpClient”。

日志时间:2017-12-21 18:03:57
日志级别:Info
日志位置:类[Core],方法[GSClient_DisConnected]
日志内容:GPSClient报错：UdpClient 已关闭。无法访问已释放的对象。
对象名:“System.Net.Sockets.UdpClient”。

日志时间:2017-12-21 18:03:57
日志级别:Info
日志位置:类[Core],方法[BSClient_DisConnected]
日志内容:BSSClient报错：UdpClient 已关闭。无法访问已释放的对象。
对象名:“System.Net.Sockets.UdpClient”。

日志时间:2017-12-21 18:03:57
日志级别:Info
日志位置:类[Core],方法[GSClient_DisConnected]
日志内容:GPSClient报错：UdpClient 已关闭。无法访问已释放的对象。
对象名:“System.Net.Sockets.UdpClient”。

日志时间:2017-12-21 18:03:57
日志级别:Info
日志位置:类[Core],方法[BSClient_DisConnected]
日志内容:BSSClient报错：UdpClient 已关闭。无法访问已释放的对象。
对象名:“System.Net.Sockets.UdpClient”。

日志时间:2017-12-21 18:03:57
日志级别:Info
日志位置:类[Core],方法[GSClient_DisConnected]
日志内容:GPSClient报错：UdpClient 已关闭。无法访问已释放的对象。
对象名:“System.Net.Sockets.UdpClient”。

日志时间:2017-12-21 18:03:57
日志级别:Info
日志位置:类[Core],方法[BSClient_DisConnected]
日志内容:BSSClient报错：UdpClient 已关闭。无法访问已释放的对象。
对象名:“System.Net.Sockets.UdpClient”。

日志时间:2017-12-21 18:03:57
日志级别:Info
日志位置:类[Core],方法[GSClient_DisConnected]
日志内容:GPSClient报错：UdpClient 已关闭。无法访问已释放的对象。
对象名:“System.Net.Sockets.UdpClient”。

日志时间:2017-12-21 18:03:57
日志级别:Info
日志位置:类[Core],方法[BSClient_DisConnected]
日志内容:BSSClient报错：UdpClient 已关闭。无法访问已释放的对象。
对象名:“System.Net.Sockets.UdpClient”。

日志时间:2017-12-21 18:03:57
日志级别:Info
日志位置:类[Core],方法[GSClient_DisConnected]
日志内容:GPSClient报错：UdpClient 已关闭。无法访问已释放的对象。
对象名:“System.Net.Sockets.UdpClient”。

日志时间:2017-12-21 18:03:57
日志级别:Info
日志位置:类[Core],方法[BSClient_DisConnected]
日志内容:BSSClient报错：UdpClient 已关闭。无法访问已释放的对象。
对象名:“System.Net.Sockets.UdpClient”。

日志时间:2017-12-21 18:03:57
日志级别:Info
日志位置:类[Core],方法[GSClient_DisConnected]
日志内容:GPSClient报错：UdpClient 已关闭。无法访问已释放的对象。
对象名:“System.Net.Sockets.UdpClient”。

日志时间:2017-12-21 18:03:57
日志级别:Info
日志位置:类[Core],方法[BSClient_DisConnected]
日志内容:BSSClient报错：UdpClient 已关闭。无法访问已释放的对象。
对象名:“System.Net.Sockets.UdpClient”。

日志时间:2017-12-21 18:03:57
日志级别:Info
日志位置:类[Core],方法[GSClient_DisConnected]
日志内容:GPSClient报错：UdpClient 已关闭。无法访问已释放的对象。
对象名:“System.Net.Sockets.UdpClient”。

日志时间:2017-12-21 18:03:57
日志级别:Info
日志位置:类[Core],方法[BSClient_DisConnected]
日志内容:BSSClient报错：UdpClient 已关闭。无法访问已释放的对象。
对象名:“System.Net.Sockets.UdpClient”。

日志时间:2017-12-21 18:03:57
日志级别:Info
日志位置:类[Core],方法[GSClient_DisConnected]
日志内容:GPSClient报错：UdpClient 已关闭。无法访问已释放的对象。
对象名:“System.Net.Sockets.UdpClient”。

日志时间:2017-12-21 18:03:57
日志级别:Info
日志位置:类[Core],方法[BSClient_DisConnected]
日志内容:BSSClient报错：UdpClient 已关闭。无法访问已释放的对象。
对象名:“System.Net.Sockets.UdpClient”。

日志时间:2017-12-21 18:03:57
日志级别:Info
日志位置:类[Core],方法[GSClient_DisConnected]
日志内容:GPSClient报错：UdpClient 已关闭。无法访问已释放的对象。
对象名:“System.Net.Sockets.UdpClient”。

日志时间:2017-12-21 18:03:57
日志级别:Info
日志位置:类[Core],方法[BSClient_DisConnected]
日志内容:BSSClient报错：UdpClient 已关闭。无法访问已释放的对象。
对象名:“System.Net.Sockets.UdpClient”。

日志时间:2017-12-21 18:03:57
日志级别:Info
日志位置:类[Core],方法[GSClient_DisConnected]
日志内容:GPSClient报错：UdpClient 已关闭。无法访问已释放的对象。
对象名:“System.Net.Sockets.UdpClient”。

日志时间:2017-12-21 18:03:57
日志级别:Info
日志位置:类[Core],方法[BSClient_DisConnected]
日志内容:BSSClient报错：UdpClient 已关闭。无法访问已释放的对象。
对象名:“System.Net.Sockets.UdpClient”。

日志时间:2017-12-21 18:03:57
日志级别:Info
日志位置:类[Core],方法[GSClient_DisConnected]
日志内容:GPSClient报错：UdpClient 已关闭。无法访问已释放的对象。
对象名:“System.Net.Sockets.UdpClient”。

日志时间:2017-12-21 18:03:57
日志级别:Info
日志位置:类[Core],方法[BSClient_DisConnected]
日志内容:BSSClient报错：UdpClient 已关闭。无法访问已释放的对象。
对象名:“System.Net.Sockets.UdpClient”。

日志时间:2017-12-21 18:03:57
日志级别:Info
日志位置:类[Core],方法[GSClient_DisConnected]
日志内容:GPSClient报错：UdpClient 已关闭。无法访问已释放的对象。
对象名:“System.Net.Sockets.UdpClient”。

日志时间:2017-12-21 18:03:57
日志级别:Info
日志位置:类[Core],方法[BSClient_DisConnected]
日志内容:BSSClient报错：UdpClient 已关闭。无法访问已释放的对象。
对象名:“System.Net.Sockets.UdpClient”。

日志时间:2017-12-21 18:03:57
日志级别:Info
日志位置:类[Core],方法[GSClient_DisConnected]
日志内容:GPSClient报错：UdpClient 已关闭。无法访问已释放的对象。
对象名:“System.Net.Sockets.UdpClient”。

日志时间:2017-12-21 18:03:57
日志级别:Info
日志位置:类[Core],方法[BSClient_DisConnected]
日志内容:BSSClient报错：UdpClient 已关闭。无法访问已释放的对象。
对象名:“System.Net.Sockets.UdpClient”。

日志时间:2017-12-21 18:03:57
日志级别:Info
日志位置:类[Core],方法[GSClient_DisConnected]
日志内容:GPSClient报错：UdpClient 已关闭。无法访问已释放的对象。
对象名:“System.Net.Sockets.UdpClient”。

日志时间:2017-12-21 18:03:57
日志级别:Info
日志位置:类[Core],方法[BSClient_DisConnected]
日志内容:BSSClient报错：UdpClient 已关闭。无法访问已释放的对象。
对象名:“System.Net.Sockets.UdpClient”。

日志时间:2017-12-21 18:03:57
日志级别:Info
日志位置:类[Core],方法[GSClient_DisConnected]
日志内容:GPSClient报错：UdpClient 已关闭。无法访问已释放的对象。
对象名:“System.Net.Sockets.UdpClient”。

日志时间:2017-12-21 18:03:57
日志级别:Info
日志位置:类[Core],方法[BSClient_DisConnected]
日志内容:BSSClient报错：UdpClient 已关闭。无法访问已释放的对象。
对象名:“System.Net.Sockets.UdpClient”。

日志时间:2017-12-21 18:03:57
日志级别:Info
日志位置:类[Core],方法[GSClient_DisConnected]
日志内容:GPSClient报错：UdpClient 已关闭。无法访问已释放的对象。
对象名:“System.Net.Sockets.UdpClient”。

日志时间:2017-12-21 18:03:57
日志级别:Info
日志位置:类[Core],方法[BSClient_DisConnected]
日志内容:BSSClient报错：UdpClient 已关闭。无法访问已释放的对象。
对象名:“System.Net.Sockets.UdpClient”。

日志时间:2017-12-21 18:03:57
日志级别:Info
日志位置:类[Core],方法[GSClient_DisConnected]
日志内容:GPSClient报错：UdpClient 已关闭。无法访问已释放的对象。
对象名:“System.Net.Sockets.UdpClient”。

日志时间:2017-12-21 18:03:57
日志级别:Info
日志位置:类[Core],方法[BSClient_DisConnected]
日志内容:BSSClient报错：UdpClient 已关闭。无法访问已释放的对象。
对象名:“System.Net.Sockets.UdpClient”。

日志时间:2017-12-21 18:03:57
日志级别:Info
日志位置:类[Core],方法[GSClient_DisConnected]
日志内容:GPSClient报错：UdpClient 已关闭。无法访问已释放的对象。
对象名:“System.Net.Sockets.UdpClient”。

日志时间:2017-12-21 18:03:57
日志级别:Info
日志位置:类[Core],方法[BSClient_DisConnected]
日志内容:BSSClient报错：UdpClient 已关闭。无法访问已释放的对象。
对象名:“System.Net.Sockets.UdpClient”。

日志时间:2017-12-21 18:03:57
日志级别:Info
日志位置:类[Core],方法[GSClient_DisConnected]
日志内容:GPSClient报错：UdpClient 已关闭。无法访问已释放的对象。
对象名:“System.Net.Sockets.UdpClient”。

日志时间:2017-12-21 18:03:57
日志级别:Info
日志位置:类[Core],方法[BSClient_DisConnected]
日志内容:BSSClient报错：UdpClient 已关闭。无法访问已释放的对象。
对象名:“System.Net.Sockets.UdpClient”。

日志时间:2017-12-21 18:03:58
日志级别:Info
日志位置:类[Core],方法[GSClient_DisConnected]
日志内容:GPSClient报错：UdpClient 已关闭。无法访问已释放的对象。
对象名:“System.Net.Sockets.UdpClient”。

日志时间:2017-12-21 18:03:58
日志级别:Info
日志位置:类[Core],方法[BSClient_DisConnected]
日志内容:BSSClient报错：UdpClient 已关闭。无法访问已释放的对象。
对象名:“System.Net.Sockets.UdpClient”。

日志时间:2017-12-21 18:03:58
日志级别:Info
日志位置:类[Core],方法[GSClient_DisConnected]
日志内容:GPSClient报错：UdpClient 已关闭。无法访问已释放的对象。
对象名:“System.Net.Sockets.UdpClient”。

日志时间:2017-12-21 18:03:58
日志级别:Info
日志位置:类[Core],方法[BSClient_DisConnected]
日志内容:BSSClient报错：UdpClient 已关闭。无法访问已释放的对象。
对象名:“System.Net.Sockets.UdpClient”。

日志时间:2017-12-21 18:03:58
日志级别:Info
日志位置:类[Core],方法[GSClient_DisConnected]
日志内容:GPSClient报错：UdpClient 已关闭。无法访问已释放的对象。
对象名:“System.Net.Sockets.UdpClient”。

日志时间:2017-12-21 18:03:58
日志级别:Info
日志位置:类[Core],方法[BSClient_DisConnected]
日志内容:BSSClient报错：UdpClient 已关闭。无法访问已释放的对象。
对象名:“System.Net.Sockets.UdpClient”。

日志时间:2017-12-21 18:03:58
日志级别:Info
日志位置:类[Core],方法[GSClient_DisConnected]
日志内容:GPSClient报错：UdpClient 已关闭。无法访问已释放的对象。
对象名:“System.Net.Sockets.UdpClient”。

日志时间:2017-12-21 18:03:58
日志级别:Info
日志位置:类[Core],方法[BSClient_DisConnected]
日志内容:BSSClient报错：UdpClient 已关闭。无法访问已释放的对象。
对象名:“System.Net.Sockets.UdpClient”。

日志时间:2017-12-21 18:03:58
日志级别:Info
日志位置:类[Core],方法[GSClient_DisConnected]
日志内容:GPSClient报错：UdpClient 已关闭。无法访问已释放的对象。
对象名:“System.Net.Sockets.UdpClient”。

日志时间:2017-12-21 18:03:58
日志级别:Info
日志位置:类[Core],方法[BSClient_DisConnected]
日志内容:BSSClient报错：UdpClient 已关闭。无法访问已释放的对象。
对象名:“System.Net.Sockets.UdpClient”。

日志时间:2017-12-21 18:03:58
日志级别:Info
日志位置:类[Core],方法[GSClient_DisConnected]
日志内容:GPSClient报错：UdpClient 已关闭。无法访问已释放的对象。
对象名:“System.Net.Sockets.UdpClient”。

日志时间:2017-12-21 18:03:58
日志级别:Info
日志位置:类[Core],方法[BSClient_DisConnected]
日志内容:BSSClient报错：UdpClient 已关闭。无法访问已释放的对象。
对象名:“System.Net.Sockets.UdpClient”。

日志时间:2017-12-21 18:03:58
日志级别:Info
日志位置:类[Core],方法[GSClient_DisConnected]
日志内容:GPSClient报错：UdpClient 已关闭。无法访问已释放的对象。
对象名:“System.Net.Sockets.UdpClient”。

日志时间:2017-12-21 18:03:58
日志级别:Info
日志位置:类[Core],方法[BSClient_DisConnected]
日志内容:BSSClient报错：UdpClient 已关闭。无法访问已释放的对象。
对象名:“System.Net.Sockets.UdpClient”。

日志时间:2017-12-21 18:03:58
日志级别:Info
日志位置:类[Core],方法[GSClient_DisConnected]
日志内容:GPSClient报错：UdpClient 已关闭。无法访问已释放的对象。
对象名:“System.Net.Sockets.UdpClient”。

日志时间:2017-12-21 18:03:58
日志级别:Info
日志位置:类[Core],方法[BSClient_DisConnected]
日志内容:BSSClient报错：UdpClient 已关闭。无法访问已释放的对象。
对象名:“System.Net.Sockets.UdpClient”。

日志时间:2017-12-21 18:03:58
日志级别:Info
日志位置:类[Core],方法[GSClient_DisConnected]
日志内容:GPSClient报错：UdpClient 已关闭。无法访问已释放的对象。
对象名:“System.Net.Sockets.UdpClient”。

日志时间:2017-12-21 18:03:58
日志级别:Info
日志位置:类[Core],方法[BSClient_DisConnected]
日志内容:BSSClient报错：UdpClient 已关闭。无法访问已释放的对象。
对象名:“System.Net.Sockets.UdpClient”。

日志时间:2017-12-21 18:03:58
日志级别:Info
日志位置:类[Core],方法[GSClient_DisConnected]
日志内容:GPSClient报错：UdpClient 已关闭。无法访问已释放的对象。
对象名:“System.Net.Sockets.UdpClient”。

日志时间:2017-12-21 18:03:58
日志级别:Info
日志位置:类[Core],方法[BSClient_DisConnected]
日志内容:BSSClient报错：UdpClient 已关闭。无法访问已释放的对象。
对象名:“System.Net.Sockets.UdpClient”。

日志时间:2017-12-21 18:03:58
日志级别:Info
日志位置:类[Core],方法[GSClient_DisConnected]
日志内容:GPSClient报错：UdpClient 已关闭。无法访问已释放的对象。
对象名:“System.Net.Sockets.UdpClient”。

日志时间:2017-12-21 18:03:58
日志级别:Info
日志位置:类[Core],方法[BSClient_DisConnected]
日志内容:BSSClient报错：UdpClient 已关闭。无法访问已释放的对象。
对象名:“System.Net.Sockets.UdpClient”。

日志时间:2017-12-21 18:03:58
日志级别:Info
日志位置:类[Core],方法[GSClient_DisConnected]
日志内容:GPSClient报错：UdpClient 已关闭。无法访问已释放的对象。
对象名:“System.Net.Sockets.UdpClient”。

日志时间:2017-12-21 18:03:58
日志级别:Info
日志位置:类[Core],方法[BSClient_DisConnected]
日志内容:BSSClient报错：UdpClient 已关闭。无法访问已释放的对象。
对象名:“System.Net.Sockets.UdpClient”。

日志时间:2017-12-21 18:03:58
日志级别:Info
日志位置:类[Core],方法[GSClient_DisConnected]
日志内容:GPSClient报错：UdpClient 已关闭。无法访问已释放的对象。
对象名:“System.Net.Sockets.UdpClient”。

日志时间:2017-12-21 18:03:58
日志级别:Info
日志位置:类[Core],方法[BSClient_DisConnected]
日志内容:BSSClient报错：UdpClient 已关闭。无法访问已释放的对象。
对象名:“System.Net.Sockets.UdpClient”。

日志时间:2017-12-21 18:03:58
日志级别:Info
日志位置:类[Core],方法[GSClient_DisConnected]
日志内容:GPSClient报错：UdpClient 已关闭。无法访问已释放的对象。
对象名:“System.Net.Sockets.UdpClient”。

日志时间:2017-12-21 18:03:58
日志级别:Info
日志位置:类[Core],方法[BSClient_DisConnected]
日志内容:BSSClient报错：UdpClient 已关闭。无法访问已释放的对象。
对象名:“System.Net.Sockets.UdpClient”。

日志时间:2017-12-21 18:03:58
日志级别:Info
日志位置:类[Core],方法[GSClient_DisConnected]
日志内容:GPSClient报错：UdpClient 已关闭。无法访问已释放的对象。
对象名:“System.Net.Sockets.UdpClient”。

日志时间:2017-12-21 18:03:58
日志级别:Info
日志位置:类[Core],方法[BSClient_DisConnected]
日志内容:BSSClient报错：UdpClient 已关闭。无法访问已释放的对象。
对象名:“System.Net.Sockets.UdpClient”。

日志时间:2017-12-21 18:03:58
日志级别:Info
日志位置:类[Core],方法[GSClient_DisConnected]
日志内容:GPSClient报错：UdpClient 已关闭。无法访问已释放的对象。
对象名:“System.Net.Sockets.UdpClient”。

日志时间:2017-12-21 18:03:58
日志级别:Info
日志位置:类[Core],方法[BSClient_DisConnected]
日志内容:BSSClient报错：UdpClient 已关闭。无法访问已释放的对象。
对象名:“System.Net.Sockets.UdpClient”。

日志时间:2017-12-21 18:03:58
日志级别:Info
日志位置:类[Core],方法[GSClient_DisConnected]
日志内容:GPSClient报错：UdpClient 已关闭。无法访问已释放的对象。
对象名:“System.Net.Sockets.UdpClient”。

日志时间:2017-12-21 18:03:58
日志级别:Info
日志位置:类[Core],方法[BSClient_DisConnected]
日志内容:BSSClient报错：UdpClient 已关闭。无法访问已释放的对象。
对象名:“System.Net.Sockets.UdpClient”。

日志时间:2017-12-21 18:03:58
日志级别:Info
日志位置:类[Core],方法[GSClient_DisConnected]
日志内容:GPSClient报错：UdpClient 已关闭。无法访问已释放的对象。
对象名:“System.Net.Sockets.UdpClient”。

日志时间:2017-12-21 18:03:58
日志级别:Info
日志位置:类[Core],方法[BSClient_DisConnected]
日志内容:BSSClient报错：UdpClient 已关闭。无法访问已释放的对象。
对象名:“System.Net.Sockets.UdpClient”。

日志时间:2017-12-21 18:03:58
日志级别:Info
日志位置:类[Core],方法[GSClient_DisConnected]
日志内容:GPSClient报错：UdpClient 已关闭。无法访问已释放的对象。
对象名:“System.Net.Sockets.UdpClient”。

日志时间:2017-12-21 18:03:58
日志级别:Info
日志位置:类[Core],方法[BSClient_DisConnected]
日志内容:BSSClient报错：UdpClient 已关闭。无法访问已释放的对象。
对象名:“System.Net.Sockets.UdpClient”。

日志时间:2017-12-21 18:03:58
日志级别:Info
日志位置:类[Core],方法[GSClient_DisConnected]
日志内容:GPSClient报错：UdpClient 已关闭。无法访问已释放的对象。
对象名:“System.Net.Sockets.UdpClient”。

日志时间:2017-12-21 18:03:58
日志级别:Info
日志位置:类[Core],方法[GSClient_DisConnected]
日志内容:GPSClient报错：UdpClient 已关闭。无法访问已释放的对象。
对象名:“System.Net.Sockets.UdpClient”。

日志时间:2017-12-21 18:03:58
日志级别:Info
日志位置:类[Core],方法[BSClient_DisConnected]
日志内容:BSSClient报错：UdpClient 已关闭。无法访问已释放的对象。
对象名:“System.Net.Sockets.UdpClient”。

日志时间:2017-12-21 18:03:58
日志级别:Info
日志位置:类[Core],方法[GSClient_DisConnected]
日志内容:GPSClient报错：UdpClient 已关闭。无法访问已释放的对象。
对象名:“System.Net.Sockets.UdpClient”。

日志时间:2017-12-21 18:03:58
日志级别:Info
日志位置:类[Core],方法[BSClient_DisConnected]
日志内容:BSSClient报错：UdpClient 已关闭。无法访问已释放的对象。
对象名:“System.Net.Sockets.UdpClient”。

日志时间:2017-12-21 18:03:58
日志级别:Info
日志位置:类[Core],方法[GSClient_DisConnected]
日志内容:GPSClient报错：UdpClient 已关闭。无法访问已释放的对象。
对象名:“System.Net.Sockets.UdpClient”。

日志时间:2017-12-21 18:03:58
日志级别:Info
日志位置:类[Core],方法[BSClient_DisConnected]
日志内容:BSSClient报错：UdpClient 已关闭。无法访问已释放的对象。
对象名:“System.Net.Sockets.UdpClient”。

日志时间:2017-12-21 18:03:58
日志级别:Info
日志位置:类[Core],方法[GSClient_DisConnected]
日志内容:GPSClient报错：UdpClient 已关闭。无法访问已释放的对象。
对象名:“System.Net.Sockets.UdpClient”。

日志时间:2017-12-21 18:03:58
日志级别:Info
日志位置:类[Core],方法[BSClient_DisConnected]
日志内容:BSSClient报错：UdpClient 已关闭。无法访问已释放的对象。
对象名:“System.Net.Sockets.UdpClient”。

日志时间:2017-12-21 18:03:58
日志级别:Info
日志位置:类[Core],方法[GSClient_DisConnected]
日志内容:GPSClient报错：UdpClient 已关闭。无法访问已释放的对象。
对象名:“System.Net.Sockets.UdpClient”。

日志时间:2017-12-21 18:03:58
日志级别:Info
日志位置:类[Core],方法[BSClient_DisConnected]
日志内容:BSSClient报错：UdpClient 已关闭。无法访问已释放的对象。
对象名:“System.Net.Sockets.UdpClient”。

日志时间:2017-12-21 18:03:58
日志级别:Info
日志位置:类[Core],方法[GSClient_DisConnected]
日志内容:GPSClient报错：UdpClient 已关闭。无法访问已释放的对象。
对象名:“System.Net.Sockets.UdpClient”。

日志时间:2017-12-21 18:10:23
日志级别:Info
日志位置:类[Core],方法[BSClient_DisConnected]
日志内容:BSSClient报错：远程主机强迫关闭了一个现有的连接。

日志时间:2017-12-21 18:10:33
日志级别:Info
日志位置:类[Core],方法[BSClient_DisConnected]
日志内容:BSSClient报错：远程主机强迫关闭了一个现有的连接。

日志时间:2017-12-21 18:10:43
日志级别:Info
日志位置:类[Core],方法[BSClient_DisConnected]
日志内容:BSSClient报错：远程主机强迫关闭了一个现有的连接。

日志时间:2017-12-21 18:10:53
日志级别:Info
日志位置:类[Core],方法[BSClient_DisConnected]
日志内容:BSSClient报错：远程主机强迫关闭了一个现有的连接。

日志时间:2017-12-21 18:11:03
日志级别:Info
日志位置:类[Core],方法[BSClient_DisConnected]
日志内容:BSSClient报错：远程主机强迫关闭了一个现有的连接。

日志时间:2017-12-21 18:11:13
日志级别:Info
日志位置:类[Core],方法[BSClient_DisConnected]
日志内容:BSSClient报错：远程主机强迫关闭了一个现有的连接。

日志时间:2017-12-21 18:11:23
日志级别:Info
日志位置:类[Core],方法[BSClient_DisConnected]
日志内容:BSSClient报错：远程主机强迫关闭了一个现有的连接。

日志时间:2017-12-21 18:11:33
日志级别:Info
日志位置:类[Core],方法[BSClient_DisConnected]
日志内容:BSSClient报错：远程主机强迫关闭了一个现有的连接。

日志时间:2017-12-21 18:11:43
日志级别:Info
日志位置:类[Core],方法[BSClient_DisConnected]
日志内容:BSSClient报错：远程主机强迫关闭了一个现有的连接。

日志时间:2017-12-21 18:11:53
日志级别:Info
日志位置:类[Core],方法[BSClient_DisConnected]
日志内容:BSSClient报错：远程主机强迫关闭了一个现有的连接。

日志时间:2017-12-21 18:12:03
日志级别:Info
日志位置:类[Core],方法[BSClient_DisConnected]
日志内容:BSSClient报错：远程主机强迫关闭了一个现有的连接。

日志时间:2017-12-21 18:12:13
日志级别:Info
日志位置:类[Core],方法[BSClient_DisConnected]
日志内容:BSSClient报错：远程主机强迫关闭了一个现有的连接。

日志时间:2017-12-21 18:12:23
日志级别:Info
日志位置:类[Core],方法[BSClient_DisConnected]
日志内容:BSSClient报错：远程主机强迫关闭了一个现有的连接。

日志时间:2017-12-21 18:12:33
日志级别:Info
日志位置:类[Core],方法[BSClient_DisConnected]
日志内容:BSSClient报错：远程主机强迫关闭了一个现有的连接。

日志时间:2017-12-21 18:12:43
日志级别:Info
日志位置:类[Core],方法[BSClient_DisConnected]
日志内容:BSSClient报错：远程主机强迫关闭了一个现有的连接。

日志时间:2017-12-21 18:12:53
日志级别:Info
日志位置:类[Core],方法[BSClient_DisConnected]
日志内容:BSSClient报错：远程主机强迫关闭了一个现有的连接。

日志时间:2017-12-21 18:13:03
日志级别:Info
日志位置:类[Core],方法[BSClient_DisConnected]
日志内容:BSSClient报错：远程主机强迫关闭了一个现有的连接。

日志时间:2017-12-21 18:13:13
日志级别:Info
日志位置:类[Core],方法[BSClient_DisConnected]
日志内容:BSSClient报错：远程主机强迫关闭了一个现有的连接。

日志时间:2017-12-21 18:13:23
日志级别:Info
日志位置:类[Core],方法[BSClient_DisConnected]
日志内容:BSSClient报错：远程主机强迫关闭了一个现有的连接。

日志时间:2017-12-21 18:13:33
日志级别:Info
日志位置:类[Core],方法[BSClient_DisConnected]
日志内容:BSSClient报错：远程主机强迫关闭了一个现有的连接。

日志时间:2017-12-21 18:13:43
日志级别:Info
日志位置:类[Core],方法[BSClient_DisConnected]
日志内容:BSSClient报错：远程主机强迫关闭了一个现有的连接。

日志时间:2017-12-21 18:13:53
日志级别:Info
日志位置:类[Core],方法[BSClient_DisConnected]
日志内容:BSSClient报错：远程主机强迫关闭了一个现有的连接。

日志时间:2017-12-21 18:14:03
日志级别:Info
日志位置:类[Core],方法[BSClient_DisConnected]
日志内容:BSSClient报错：远程主机强迫关闭了一个现有的连接。

日志时间:2017-12-21 18:14:13
日志级别:Info
日志位置:类[Core],方法[BSClient_DisConnected]
日志内容:BSSClient报错：远程主机强迫关闭了一个现有的连接。

日志时间:2017-12-21 18:14:23
日志级别:Info
日志位置:类[Core],方法[BSClient_DisConnected]
日志内容:BSSClient报错：远程主机强迫关闭了一个现有的连接。

日志时间:2017-12-21 18:14:33
日志级别:Info
日志位置:类[Core],方法[BSClient_DisConnected]
日志内容:BSSClient报错：远程主机强迫关闭了一个现有的连接。

日志时间:2017-12-21 18:14:43
日志级别:Info
日志位置:类[Core],方法[BSClient_DisConnected]
日志内容:BSSClient报错：远程主机强迫关闭了一个现有的连接。

日志时间:2017-12-21 18:14:53
日志级别:Info
日志位置:类[Core],方法[BSClient_DisConnected]
日志内容:BSSClient报错：远程主机强迫关闭了一个现有的连接。

日志时间:2017-12-21 18:15:03
日志级别:Info
日志位置:类[Core],方法[BSClient_DisConnected]
日志内容:BSSClient报错：远程主机强迫关闭了一个现有的连接。

日志时间:2017-12-21 18:15:13
日志级别:Info
日志位置:类[Core],方法[BSClient_DisConnected]
日志内容:BSSClient报错：远程主机强迫关闭了一个现有的连接。

日志时间:2017-12-21 18:15:23
日志级别:Info
日志位置:类[Core],方法[BSClient_DisConnected]
日志内容:BSSClient报错：远程主机强迫关闭了一个现有的连接。

日志时间:2017-12-21 18:15:33
日志级别:Info
日志位置:类[Core],方法[BSClient_DisConnected]
日志内容:BSSClient报错：远程主机强迫关闭了一个现有的连接。

日志时间:2017-12-21 18:15:43
日志级别:Info
日志位置:类[Core],方法[BSClient_DisConnected]
日志内容:BSSClient报错：远程主机强迫关闭了一个现有的连接。

日志时间:2017-12-21 18:15:53
日志级别:Info
日志位置:类[Core],方法[BSClient_DisConnected]
日志内容:BSSClient报错：远程主机强迫关闭了一个现有的连接。

日志时间:2017-12-21 18:16:03
日志级别:Info
日志位置:类[Core],方法[BSClient_DisConnected]
日志内容:BSSClient报错：远程主机强迫关闭了一个现有的连接。

日志时间:2017-12-21 18:16:13
日志级别:Info
日志位置:类[Core],方法[BSClient_DisConnected]
日志内容:BSSClient报错：远程主机强迫关闭了一个现有的连接。

日志时间:2017-12-21 18:16:23
日志级别:Info
日志位置:类[Core],方法[BSClient_DisConnected]
日志内容:BSSClient报错：远程主机强迫关闭了一个现有的连接。

日志时间:2017-12-21 18:16:33
日志级别:Info
日志位置:类[Core],方法[BSClient_DisConnected]
日志内容:BSSClient报错：远程主机强迫关闭了一个现有的连接。

日志时间:2017-12-21 18:16:43
日志级别:Info
日志位置:类[Core],方法[BSClient_DisConnected]
日志内容:BSSClient报错：远程主机强迫关闭了一个现有的连接。

日志时间:2017-12-21 18:16:53
日志级别:Info
日志位置:类[Core],方法[BSClient_DisConnected]
日志内容:BSSClient报错：远程主机强迫关闭了一个现有的连接。

日志时间:2017-12-21 18:17:03
日志级别:Info
日志位置:类[Core],方法[BSClient_DisConnected]
日志内容:BSSClient报错：远程主机强迫关闭了一个现有的连接。

日志时间:2017-12-21 18:17:13
日志级别:Info
日志位置:类[Core],方法[BSClient_DisConnected]
日志内容:BSSClient报错：远程主机强迫关闭了一个现有的连接。

日志时间:2017-12-21 18:17:23
日志级别:Info
日志位置:类[Core],方法[BSClient_DisConnected]
日志内容:BSSClient报错：远程主机强迫关闭了一个现有的连接。

日志时间:2017-12-21 18:17:33
日志级别:Info
日志位置:类[Core],方法[BSClient_DisConnected]
日志内容:BSSClient报错：远程主机强迫关闭了一个现有的连接。

日志时间:2017-12-21 18:17:43
日志级别:Info
日志位置:类[Core],方法[BSClient_DisConnected]
日志内容:BSSClient报错：远程主机强迫关闭了一个现有的连接。

日志时间:2017-12-21 18:17:53
日志级别:Info
日志位置:类[Core],方法[BSClient_DisConnected]
日志内容:BSSClient报错：远程主机强迫关闭了一个现有的连接。

日志时间:2017-12-21 18:18:03
日志级别:Info
日志位置:类[Core],方法[BSClient_DisConnected]
日志内容:BSSClient报错：远程主机强迫关闭了一个现有的连接。

日志时间:2017-12-21 18:18:13
日志级别:Info
日志位置:类[Core],方法[BSClient_DisConnected]
日志内容:BSSClient报错：远程主机强迫关闭了一个现有的连接。

日志时间:2017-12-21 18:18:23
日志级别:Info
日志位置:类[Core],方法[BSClient_DisConnected]
日志内容:BSSClient报错：远程主机强迫关闭了一个现有的连接。

日志时间:2017-12-21 18:18:33
日志级别:Info
日志位置:类[Core],方法[BSClient_DisConnected]
日志内容:BSSClient报错：远程主机强迫关闭了一个现有的连接。

日志时间:2017-12-21 18:18:43
日志级别:Info
日志位置:类[Core],方法[BSClient_DisConnected]
日志内容:BSSClient报错：远程主机强迫关闭了一个现有的连接。

日志时间:2017-12-21 18:18:53
日志级别:Info
日志位置:类[Core],方法[BSClient_DisConnected]
日志内容:BSSClient报错：远程主机强迫关闭了一个现有的连接。

日志时间:2017-12-21 18:19:03
日志级别:Info
日志位置:类[Core],方法[BSClient_DisConnected]
日志内容:BSSClient报错：远程主机强迫关闭了一个现有的连接。

日志时间:2017-12-21 18:19:13
日志级别:Info
日志位置:类[Core],方法[BSClient_DisConnected]
日志内容:BSSClient报错：远程主机强迫关闭了一个现有的连接。

日志时间:2017-12-21 18:19:23
日志级别:Info
日志位置:类[Core],方法[BSClient_DisConnected]
日志内容:BSSClient报错：远程主机强迫关闭了一个现有的连接。

日志时间:2017-12-21 18:19:33
日志级别:Info
日志位置:类[Core],方法[BSClient_DisConnected]
日志内容:BSSClient报错：远程主机强迫关闭了一个现有的连接。

日志时间:2017-12-21 18:19:43
日志级别:Info
日志位置:类[Core],方法[BSClient_DisConnected]
日志内容:BSSClient报错：远程主机强迫关闭了一个现有的连接。

日志时间:2017-12-21 18:19:53
日志级别:Info
日志位置:类[Core],方法[BSClient_DisConnected]
日志内容:BSSClient报错：远程主机强迫关闭了一个现有的连接。

日志时间:2017-12-21 18:20:03
日志级别:Info
日志位置:类[Core],方法[BSClient_DisConnected]
日志内容:BSSClient报错：远程主机强迫关闭了一个现有的连接。

日志时间:2017-12-21 18:20:13
日志级别:Info
日志位置:类[Core],方法[BSClient_DisConnected]
日志内容:BSSClient报错：远程主机强迫关闭了一个现有的连接。

日志时间:2017-12-21 18:20:23
日志级别:Info
日志位置:类[Core],方法[BSClient_DisConnected]
日志内容:BSSClient报错：远程主机强迫关闭了一个现有的连接。

日志时间:2017-12-21 18:20:33
日志级别:Info
日志位置:类[Core],方法[BSClient_DisConnected]
日志内容:BSSClient报错：远程主机强迫关闭了一个现有的连接。

日志时间:2017-12-21 18:20:43
日志级别:Info
日志位置:类[Core],方法[BSClient_DisConnected]
日志内容:BSSClient报错：远程主机强迫关闭了一个现有的连接。

日志时间:2017-12-21 18:20:53
日志级别:Info
日志位置:类[Core],方法[BSClient_DisConnected]
日志内容:BSSClient报错：远程主机强迫关闭了一个现有的连接。

日志时间:2017-12-21 18:21:03
日志级别:Info
日志位置:类[Core],方法[BSClient_DisConnected]
日志内容:BSSClient报错：远程主机强迫关闭了一个现有的连接。

日志时间:2017-12-21 18:21:13
日志级别:Info
日志位置:类[Core],方法[BSClient_DisConnected]
日志内容:BSSClient报错：远程主机强迫关闭了一个现有的连接。

日志时间:2017-12-21 18:21:23
日志级别:Info
日志位置:类[Core],方法[BSClient_DisConnected]
日志内容:BSSClient报错：远程主机强迫关闭了一个现有的连接。

日志时间:2017-12-21 18:21:33
日志级别:Info
日志位置:类[Core],方法[BSClient_DisConnected]
日志内容:BSSClient报错：远程主机强迫关闭了一个现有的连接。

日志时间:2017-12-21 18:21:43
日志级别:Info
日志位置:类[Core],方法[BSClient_DisConnected]
日志内容:BSSClient报错：远程主机强迫关闭了一个现有的连接。

日志时间:2017-12-21 18:21:53
日志级别:Info
日志位置:类[Core],方法[BSClient_DisConnected]
日志内容:BSSClient报错：远程主机强迫关闭了一个现有的连接。

日志时间:2017-12-21 18:22:03
日志级别:Info
日志位置:类[Core],方法[BSClient_DisConnected]
日志内容:BSSClient报错：远程主机强迫关闭了一个现有的连接。

日志时间:2017-12-21 18:22:13
日志级别:Info
日志位置:类[Core],方法[BSClient_DisConnected]
日志内容:BSSClient报错：远程主机强迫关闭了一个现有的连接。

日志时间:2017-12-21 18:22:23
日志级别:Info
日志位置:类[Core],方法[BSClient_DisConnected]
日志内容:BSSClient报错：远程主机强迫关闭了一个现有的连接。

日志时间:2017-12-21 18:22:33
日志级别:Info
日志位置:类[Core],方法[BSClient_DisConnected]
日志内容:BSSClient报错：远程主机强迫关闭了一个现有的连接。

日志时间:2017-12-21 18:22:43
日志级别:Info
日志位置:类[Core],方法[BSClient_DisConnected]
日志内容:BSSClient报错：远程主机强迫关闭了一个现有的连接。

日志时间:2017-12-21 18:22:53
日志级别:Info
日志位置:类[Core],方法[BSClient_DisConnected]
日志内容:BSSClient报错：远程主机强迫关闭了一个现有的连接。

日志时间:2017-12-21 18:23:03
日志级别:Info
日志位置:类[Core],方法[BSClient_DisConnected]
日志内容:BSSClient报错：远程主机强迫关闭了一个现有的连接。

日志时间:2017-12-21 18:23:13
日志级别:Info
日志位置:类[Core],方法[BSClient_DisConnected]
日志内容:BSSClient报错：远程主机强迫关闭了一个现有的连接。

日志时间:2017-12-21 18:23:23
日志级别:Info
日志位置:类[Core],方法[BSClient_DisConnected]
日志内容:BSSClient报错：远程主机强迫关闭了一个现有的连接。

日志时间:2017-12-21 18:23:33
日志级别:Info
日志位置:类[Core],方法[BSClient_DisConnected]
日志内容:BSSClient报错：远程主机强迫关闭了一个现有的连接。

日志时间:2017-12-21 18:23:43
日志级别:Info
日志位置:类[Core],方法[BSClient_DisConnected]
日志内容:BSSClient报错：远程主机强迫关闭了一个现有的连接。

日志时间:2017-12-21 18:23:53
日志级别:Info
日志位置:类[Core],方法[BSClient_DisConnected]
日志内容:BSSClient报错：远程主机强迫关闭了一个现有的连接。

日志时间:2017-12-21 18:24:03
日志级别:Info
日志位置:类[Core],方法[BSClient_DisConnected]
日志内容:BSSClient报错：远程主机强迫关闭了一个现有的连接。

日志时间:2017-12-21 18:24:13
日志级别:Info
日志位置:类[Core],方法[BSClient_DisConnected]
日志内容:BSSClient报错：远程主机强迫关闭了一个现有的连接。

日志时间:2017-12-21 18:24:23
日志级别:Info
日志位置:类[Core],方法[BSClient_DisConnected]
日志内容:BSSClient报错：远程主机强迫关闭了一个现有的连接。

日志时间:2017-12-21 18:24:33
日志级别:Info
日志位置:类[Core],方法[BSClient_DisConnected]
日志内容:BSSClient报错：远程主机强迫关闭了一个现有的连接。

日志时间:2017-12-21 18:24:43
日志级别:Info
日志位置:类[Core],方法[BSClient_DisConnected]
日志内容:BSSClient报错：远程主机强迫关闭了一个现有的连接。

日志时间:2017-12-21 18:24:53
日志级别:Info
日志位置:类[Core],方法[BSClient_DisConnected]
日志内容:BSSClient报错：远程主机强迫关闭了一个现有的连接。

日志时间:2017-12-21 18:25:03
日志级别:Info
日志位置:类[Core],方法[BSClient_DisConnected]
日志内容:BSSClient报错：远程主机强迫关闭了一个现有的连接。

日志时间:2017-12-21 18:25:13
日志级别:Info
日志位置:类[Core],方法[BSClient_DisConnected]
日志内容:BSSClient报错：远程主机强迫关闭了一个现有的连接。

日志时间:2017-12-21 18:25:23
日志级别:Info
日志位置:类[Core],方法[BSClient_DisConnected]
日志内容:BSSClient报错：远程主机强迫关闭了一个现有的连接。

日志时间:2017-12-21 18:25:33
日志级别:Info
日志位置:类[Core],方法[BSClient_DisConnected]
日志内容:BSSClient报错：远程主机强迫关闭了一个现有的连接。

日志时间:2017-12-21 18:25:43
日志级别:Info
日志位置:类[Core],方法[BSClient_DisConnected]
日志内容:BSSClient报错：远程主机强迫关闭了一个现有的连接。

日志时间:2017-12-21 18:25:53
日志级别:Info
日志位置:类[Core],方法[BSClient_DisConnected]
日志内容:BSSClient报错：远程主机强迫关闭了一个现有的连接。

日志时间:2017-12-21 18:26:03
日志级别:Info
日志位置:类[Core],方法[BSClient_DisConnected]
日志内容:BSSClient报错：远程主机强迫关闭了一个现有的连接。

日志时间:2017-12-21 18:26:13
日志级别:Info
日志位置:类[Core],方法[BSClient_DisConnected]
日志内容:BSSClient报错：远程主机强迫关闭了一个现有的连接。

日志时间:2017-12-21 18:26:23
日志级别:Info
日志位置:类[Core],方法[BSClient_DisConnected]
日志内容:BSSClient报错：远程主机强迫关闭了一个现有的连接。

日志时间:2017-12-21 18:26:33
日志级别:Info
日志位置:类[Core],方法[BSClient_DisConnected]
日志内容:BSSClient报错：远程主机强迫关闭了一个现有的连接。

日志时间:2017-12-21 18:26:43
日志级别:Info
日志位置:类[Core],方法[BSClient_DisConnected]
日志内容:BSSClient报错：远程主机强迫关闭了一个现有的连接。

日志时间:2017-12-21 18:26:53
日志级别:Info
日志位置:类[Core],方法[BSClient_DisConnected]
日志内容:BSSClient报错：远程主机强迫关闭了一个现有的连接。

日志时间:2017-12-21 18:27:03
日志级别:Info
日志位置:类[Core],方法[BSClient_DisConnected]
日志内容:BSSClient报错：远程主机强迫关闭了一个现有的连接。

日志时间:2017-12-21 18:27:14
日志级别:Info
日志位置:类[Core],方法[BSClient_DisConnected]
日志内容:BSSClient报错：远程主机强迫关闭了一个现有的连接。

日志时间:2017-12-21 18:27:24
日志级别:Info
日志位置:类[Core],方法[BSClient_DisConnected]
日志内容:BSSClient报错：远程主机强迫关闭了一个现有的连接。

日志时间:2017-12-21 18:27:34
日志级别:Info
日志位置:类[Core],方法[BSClient_DisConnected]
日志内容:BSSClient报错：远程主机强迫关闭了一个现有的连接。

日志时间:2017-12-21 18:27:44
日志级别:Info
日志位置:类[Core],方法[BSClient_DisConnected]
日志内容:BSSClient报错：远程主机强迫关闭了一个现有的连接。

日志时间:2017-12-21 18:27:54
日志级别:Info
日志位置:类[Core],方法[BSClient_DisConnected]
日志内容:BSSClient报错：远程主机强迫关闭了一个现有的连接。

日志时间:2017-12-21 18:28:04
日志级别:Info
日志位置:类[Core],方法[BSClient_DisConnected]
日志内容:BSSClient报错：远程主机强迫关闭了一个现有的连接。

日志时间:2017-12-21 18:28:14
日志级别:Info
日志位置:类[Core],方法[BSClient_DisConnected]
日志内容:BSSClient报错：远程主机强迫关闭了一个现有的连接。

日志时间:2017-12-21 18:28:24
日志级别:Info
日志位置:类[Core],方法[BSClient_DisConnected]
日志内容:BSSClient报错：远程主机强迫关闭了一个现有的连接。

日志时间:2017-12-21 18:28:34
日志级别:Info
日志位置:类[Core],方法[BSClient_DisConnected]
日志内容:BSSClient报错：远程主机强迫关闭了一个现有的连接。

日志时间:2017-12-21 18:28:44
日志级别:Info
日志位置:类[Core],方法[BSClient_DisConnected]
日志内容:BSSClient报错：远程主机强迫关闭了一个现有的连接。

日志时间:2017-12-21 18:28:54
日志级别:Info
日志位置:类[Core],方法[BSClient_DisConnected]
日志内容:BSSClient报错：远程主机强迫关闭了一个现有的连接。

日志时间:2017-12-21 18:29:04
日志级别:Info
日志位置:类[Core],方法[BSClient_DisConnected]
日志内容:BSSClient报错：远程主机强迫关闭了一个现有的连接。

日志时间:2017-12-21 18:29:14
日志级别:Info
日志位置:类[Core],方法[BSClient_DisConnected]
日志内容:BSSClient报错：远程主机强迫关闭了一个现有的连接。

日志时间:2017-12-21 18:29:24
日志级别:Info
日志位置:类[Core],方法[BSClient_DisConnected]
日志内容:BSSClient报错：远程主机强迫关闭了一个现有的连接。

日志时间:2017-12-21 18:29:34
日志级别:Info
日志位置:类[Core],方法[BSClient_DisConnected]
日志内容:BSSClient报错：远程主机强迫关闭了一个现有的连接。

日志时间:2017-12-21 18:29:44
日志级别:Info
日志位置:类[Core],方法[BSClient_DisConnected]
日志内容:BSSClient报错：远程主机强迫关闭了一个现有的连接。

日志时间:2017-12-21 18:29:54
日志级别:Info
日志位置:类[Core],方法[BSClient_DisConnected]
日志内容:BSSClient报错：远程主机强迫关闭了一个现有的连接。

日志时间:2017-12-21 18:30:04
日志级别:Info
日志位置:类[Core],方法[BSClient_DisConnected]
日志内容:BSSClient报错：远程主机强迫关闭了一个现有的连接。

日志时间:2017-12-21 18:30:14
日志级别:Info
日志位置:类[Core],方法[BSClient_DisConnected]
日志内容:BSSClient报错：远程主机强迫关闭了一个现有的连接。

日志时间:2017-12-21 18:30:24
日志级别:Info
日志位置:类[Core],方法[BSClient_DisConnected]
日志内容:BSSClient报错：远程主机强迫关闭了一个现有的连接。

日志时间:2017-12-21 18:30:34
日志级别:Info
日志位置:类[Core],方法[BSClient_DisConnected]
日志内容:BSSClient报错：远程主机强迫关闭了一个现有的连接。

日志时间:2017-12-21 18:30:44
日志级别:Info
日志位置:类[Core],方法[BSClient_DisConnected]
日志内容:BSSClient报错：远程主机强迫关闭了一个现有的连接。

日志时间:2017-12-21 18:30:54
日志级别:Info
日志位置:类[Core],方法[BSClient_DisConnected]
日志内容:BSSClient报错：远程主机强迫关闭了一个现有的连接。

日志时间:2017-12-21 18:31:04
日志级别:Info
日志位置:类[Core],方法[BSClient_DisConnected]
日志内容:BSSClient报错：远程主机强迫关闭了一个现有的连接。

日志时间:2017-12-21 18:31:14
日志级别:Info
日志位置:类[Core],方法[BSClient_DisConnected]
日志内容:BSSClient报错：远程主机强迫关闭了一个现有的连接。

日志时间:2017-12-21 18:31:24
日志级别:Info
日志位置:类[Core],方法[BSClient_DisConnected]
日志内容:BSSClient报错：远程主机强迫关闭了一个现有的连接。

日志时间:2017-12-21 18:31:34
日志级别:Info
日志位置:类[Core],方法[BSClient_DisConnected]
日志内容:BSSClient报错：远程主机强迫关闭了一个现有的连接。

日志时间:2017-12-21 18:31:44
日志级别:Info
日志位置:类[Core],方法[BSClient_DisConnected]
日志内容:BSSClient报错：远程主机强迫关闭了一个现有的连接。

日志时间:2017-12-21 18:31:54
日志级别:Info
日志位置:类[Core],方法[BSClient_DisConnected]
日志内容:BSSClient报错：远程主机强迫关闭了一个现有的连接。

日志时间:2017-12-21 18:32:04
日志级别:Info
日志位置:类[Core],方法[BSClient_DisConnected]
日志内容:BSSClient报错：远程主机强迫关闭了一个现有的连接。

日志时间:2017-12-21 18:32:14
日志级别:Info
日志位置:类[Core],方法[BSClient_DisConnected]
日志内容:BSSClient报错：远程主机强迫关闭了一个现有的连接。

日志时间:2017-12-21 18:32:24
日志级别:Info
日志位置:类[Core],方法[BSClient_DisConnected]
日志内容:BSSClient报错：远程主机强迫关闭了一个现有的连接。

日志时间:2017-12-21 18:32:34
日志级别:Info
日志位置:类[Core],方法[BSClient_DisConnected]
日志内容:BSSClient报错：远程主机强迫关闭了一个现有的连接。

日志时间:2017-12-21 18:32:44
日志级别:Info
日志位置:类[Core],方法[BSClient_DisConnected]
日志内容:BSSClient报错：远程主机强迫关闭了一个现有的连接。

日志时间:2017-12-21 18:32:54
日志级别:Info
日志位置:类[Core],方法[BSClient_DisConnected]
日志内容:BSSClient报错：远程主机强迫关闭了一个现有的连接。

日志时间:2017-12-21 18:33:04
日志级别:Info
日志位置:类[Core],方法[BSClient_DisConnected]
日志内容:BSSClient报错：远程主机强迫关闭了一个现有的连接。

日志时间:2017-12-21 18:33:14
日志级别:Info
日志位置:类[Core],方法[BSClient_DisConnected]
日志内容:BSSClient报错：远程主机强迫关闭了一个现有的连接。

日志时间:2017-12-21 18:33:24
日志级别:Info
日志位置:类[Core],方法[BSClient_DisConnected]
日志内容:BSSClient报错：远程主机强迫关闭了一个现有的连接。

日志时间:2017-12-21 18:33:34
日志级别:Info
日志位置:类[Core],方法[BSClient_DisConnected]
日志内容:BSSClient报错：远程主机强迫关闭了一个现有的连接。

日志时间:2017-12-21 18:33:44
日志级别:Info
日志位置:类[Core],方法[BSClient_DisConnected]
日志内容:BSSClient报错：远程主机强迫关闭了一个现有的连接。

日志时间:2017-12-21 18:33:54
日志级别:Info
日志位置:类[Core],方法[BSClient_DisConnected]
日志内容:BSSClient报错：远程主机强迫关闭了一个现有的连接。

日志时间:2017-12-21 18:34:04
日志级别:Info
日志位置:类[Core],方法[BSClient_DisConnected]
日志内容:BSSClient报错：远程主机强迫关闭了一个现有的连接。

日志时间:2017-12-21 18:34:14
日志级别:Info
日志位置:类[Core],方法[BSClient_DisConnected]
日志内容:BSSClient报错：远程主机强迫关闭了一个现有的连接。

日志时间:2017-12-21 18:34:24
日志级别:Info
日志位置:类[Core],方法[BSClient_DisConnected]
日志内容:BSSClient报错：远程主机强迫关闭了一个现有的连接。

日志时间:2017-12-21 18:34:34
日志级别:Info
日志位置:类[Core],方法[BSClient_DisConnected]
日志内容:BSSClient报错：远程主机强迫关闭了一个现有的连接。

日志时间:2017-12-21 18:34:44
日志级别:Info
日志位置:类[Core],方法[BSClient_DisConnected]
日志内容:BSSClient报错：远程主机强迫关闭了一个现有的连接。

日志时间:2017-12-21 18:34:54
日志级别:Info
日志位置:类[Core],方法[BSClient_DisConnected]
日志内容:BSSClient报错：远程主机强迫关闭了一个现有的连接。

日志时间:2017-12-21 18:35:04
日志级别:Info
日志位置:类[Core],方法[BSClient_DisConnected]
日志内容:BSSClient报错：远程主机强迫关闭了一个现有的连接。

日志时间:2017-12-21 18:35:14
日志级别:Info
日志位置:类[Core],方法[BSClient_DisConnected]
日志内容:BSSClient报错：远程主机强迫关闭了一个现有的连接。

日志时间:2017-12-21 18:35:24
日志级别:Info
日志位置:类[Core],方法[BSClient_DisConnected]
日志内容:BSSClient报错：远程主机强迫关闭了一个现有的连接。

日志时间:2017-12-21 18:35:34
日志级别:Info
日志位置:类[Core],方法[BSClient_DisConnected]
日志内容:BSSClient报错：远程主机强迫关闭了一个现有的连接。

日志时间:2017-12-21 18:35:44
日志级别:Info
日志位置:类[Core],方法[BSClient_DisConnected]
日志内容:BSSClient报错：远程主机强迫关闭了一个现有的连接。

日志时间:2017-12-21 18:35:54
日志级别:Info
日志位置:类[Core],方法[BSClient_DisConnected]
日志内容:BSSClient报错：远程主机强迫关闭了一个现有的连接。

日志时间:2017-12-21 18:36:04
日志级别:Info
日志位置:类[Core],方法[BSClient_DisConnected]
日志内容:BSSClient报错：远程主机强迫关闭了一个现有的连接。

日志时间:2017-12-21 18:36:14
日志级别:Info
日志位置:类[Core],方法[BSClient_DisConnected]
日志内容:BSSClient报错：远程主机强迫关闭了一个现有的连接。

日志时间:2017-12-21 18:36:24
日志级别:Info
日志位置:类[Core],方法[BSClient_DisConnected]
日志内容:BSSClient报错：远程主机强迫关闭了一个现有的连接。

日志时间:2017-12-21 18:36:34
日志级别:Info
日志位置:类[Core],方法[BSClient_DisConnected]
日志内容:BSSClient报错：远程主机强迫关闭了一个现有的连接。

日志时间:2017-12-21 18:36:44
日志级别:Info
日志位置:类[Core],方法[BSClient_DisConnected]
日志内容:BSSClient报错：远程主机强迫关闭了一个现有的连接。

日志时间:2017-12-21 18:36:54
日志级别:Info
日志位置:类[Core],方法[BSClient_DisConnected]
日志内容:BSSClient报错：远程主机强迫关闭了一个现有的连接。

日志时间:2017-12-21 18:37:04
日志级别:Info
日志位置:类[Core],方法[BSClient_DisConnected]
日志内容:BSSClient报错：远程主机强迫关闭了一个现有的连接。

日志时间:2017-12-21 18:37:14
日志级别:Info
日志位置:类[Core],方法[BSClient_DisConnected]
日志内容:BSSClient报错：远程主机强迫关闭了一个现有的连接。

日志时间:2017-12-21 18:37:24
日志级别:Info
日志位置:类[Core],方法[BSClient_DisConnected]
日志内容:BSSClient报错：远程主机强迫关闭了一个现有的连接。

日志时间:2017-12-21 18:37:34
日志级别:Info
日志位置:类[Core],方法[BSClient_DisConnected]
日志内容:BSSClient报错：远程主机强迫关闭了一个现有的连接。

日志时间:2017-12-21 18:37:44
日志级别:Info
日志位置:类[Core],方法[BSClient_DisConnected]
日志内容:BSSClient报错：远程主机强迫关闭了一个现有的连接。

日志时间:2017-12-21 18:37:54
日志级别:Info
日志位置:类[Core],方法[BSClient_DisConnected]
日志内容:BSSClient报错：远程主机强迫关闭了一个现有的连接。

日志时间:2017-12-21 18:38:04
日志级别:Info
日志位置:类[Core],方法[BSClient_DisConnected]
日志内容:BSSClient报错：远程主机强迫关闭了一个现有的连接。

日志时间:2017-12-21 18:38:14
日志级别:Info
日志位置:类[Core],方法[BSClient_DisConnected]
日志内容:BSSClient报错：远程主机强迫关闭了一个现有的连接。

日志时间:2017-12-21 18:38:24
日志级别:Info
日志位置:类[Core],方法[BSClient_DisConnected]
日志内容:BSSClient报错：远程主机强迫关闭了一个现有的连接。

日志时间:2017-12-21 18:38:34
日志级别:Info
日志位置:类[Core],方法[BSClient_DisConnected]
日志内容:BSSClient报错：远程主机强迫关闭了一个现有的连接。

日志时间:2017-12-21 18:38:44
日志级别:Info
日志位置:类[Core],方法[BSClient_DisConnected]
日志内容:BSSClient报错：远程主机强迫关闭了一个现有的连接。

日志时间:2017-12-21 18:38:54
日志级别:Info
日志位置:类[Core],方法[BSClient_DisConnected]
日志内容:BSSClient报错：远程主机强迫关闭了一个现有的连接。

日志时间:2017-12-21 18:39:04
日志级别:Info
日志位置:类[Core],方法[BSClient_DisConnected]
日志内容:BSSClient报错：远程主机强迫关闭了一个现有的连接。

日志时间:2017-12-21 18:39:14
日志级别:Info
日志位置:类[Core],方法[BSClient_DisConnected]
日志内容:BSSClient报错：远程主机强迫关闭了一个现有的连接。

日志时间:2017-12-21 18:39:24
日志级别:Info
日志位置:类[Core],方法[BSClient_DisConnected]
日志内容:BSSClient报错：远程主机强迫关闭了一个现有的连接。

日志时间:2017-12-21 18:39:34
日志级别:Info
日志位置:类[Core],方法[BSClient_DisConnected]
日志内容:BSSClient报错：远程主机强迫关闭了一个现有的连接。

日志时间:2017-12-21 18:39:44
日志级别:Info
日志位置:类[Core],方法[BSClient_DisConnected]
日志内容:BSSClient报错：远程主机强迫关闭了一个现有的连接。

日志时间:2017-12-21 18:39:54
日志级别:Info
日志位置:类[Core],方法[BSClient_DisConnected]
日志内容:BSSClient报错：远程主机强迫关闭了一个现有的连接。

日志时间:2017-12-21 18:40:04
日志级别:Info
日志位置:类[Core],方法[BSClient_DisConnected]
日志内容:BSSClient报错：远程主机强迫关闭了一个现有的连接。

日志时间:2017-12-21 18:40:14
日志级别:Info
日志位置:类[Core],方法[BSClient_DisConnected]
日志内容:BSSClient报错：远程主机强迫关闭了一个现有的连接。

日志时间:2017-12-21 18:40:24
日志级别:Info
日志位置:类[Core],方法[BSClient_DisConnected]
日志内容:BSSClient报错：远程主机强迫关闭了一个现有的连接。

日志时间:2017-12-21 18:40:34
日志级别:Info
日志位置:类[Core],方法[BSClient_DisConnected]
日志内容:BSSClient报错：远程主机强迫关闭了一个现有的连接。

日志时间:2017-12-21 18:40:44
日志级别:Info
日志位置:类[Core],方法[BSClient_DisConnected]
日志内容:BSSClient报错：远程主机强迫关闭了一个现有的连接。

日志时间:2017-12-21 18:40:54
日志级别:Info
日志位置:类[Core],方法[BSClient_DisConnected]
日志内容:BSSClient报错：远程主机强迫关闭了一个现有的连接。

日志时间:2017-12-21 18:41:04
日志级别:Info
日志位置:类[Core],方法[BSClient_DisConnected]
日志内容:BSSClient报错：远程主机强迫关闭了一个现有的连接。

日志时间:2017-12-21 18:41:14
日志级别:Info
日志位置:类[Core],方法[BSClient_DisConnected]
日志内容:BSSClient报错：远程主机强迫关闭了一个现有的连接。

日志时间:2017-12-21 18:41:24
日志级别:Info
日志位置:类[Core],方法[BSClient_DisConnected]
日志内容:BSSClient报错：远程主机强迫关闭了一个现有的连接。

日志时间:2017-12-21 18:41:34
日志级别:Info
日志位置:类[Core],方法[BSClient_DisConnected]
日志内容:BSSClient报错：远程主机强迫关闭了一个现有的连接。

日志时间:2017-12-21 18:41:44
日志级别:Info
日志位置:类[Core],方法[BSClient_DisConnected]
日志内容:BSSClient报错：远程主机强迫关闭了一个现有的连接。

日志时间:2017-12-21 18:41:54
日志级别:Info
日志位置:类[Core],方法[BSClient_DisConnected]
日志内容:BSSClient报错：远程主机强迫关闭了一个现有的连接。

日志时间:2017-12-21 18:42:04
日志级别:Info
日志位置:类[Core],方法[BSClient_DisConnected]
日志内容:BSSClient报错：远程主机强迫关闭了一个现有的连接。

日志时间:2017-12-21 18:42:14
日志级别:Info
日志位置:类[Core],方法[BSClient_DisConnected]
日志内容:BSSClient报错：远程主机强迫关闭了一个现有的连接。

日志时间:2017-12-21 18:42:24
日志级别:Info
日志位置:类[Core],方法[BSClient_DisConnected]
日志内容:BSSClient报错：远程主机强迫关闭了一个现有的连接。

日志时间:2017-12-21 18:42:34
日志级别:Info
日志位置:类[Core],方法[BSClient_DisConnected]
日志内容:BSSClient报错：远程主机强迫关闭了一个现有的连接。

日志时间:2017-12-21 18:42:44
日志级别:Info
日志位置:类[Core],方法[BSClient_DisConnected]
日志内容:BSSClient报错：远程主机强迫关闭了一个现有的连接。

日志时间:2017-12-21 18:42:54
日志级别:Info
日志位置:类[Core],方法[BSClient_DisConnected]
日志内容:BSSClient报错：远程主机强迫关闭了一个现有的连接。

日志时间:2017-12-21 18:43:04
日志级别:Info
日志位置:类[Core],方法[BSClient_DisConnected]
日志内容:BSSClient报错：远程主机强迫关闭了一个现有的连接。

日志时间:2017-12-21 18:43:14
日志级别:Info
日志位置:类[Core],方法[BSClient_DisConnected]
日志内容:BSSClient报错：远程主机强迫关闭了一个现有的连接。

日志时间:2017-12-21 18:43:24
日志级别:Info
日志位置:类[Core],方法[BSClient_DisConnected]
日志内容:BSSClient报错：远程主机强迫关闭了一个现有的连接。

日志时间:2017-12-21 18:43:34
日志级别:Info
日志位置:类[Core],方法[BSClient_DisConnected]
日志内容:BSSClient报错：远程主机强迫关闭了一个现有的连接。

日志时间:2017-12-21 18:43:44
日志级别:Info
日志位置:类[Core],方法[BSClient_DisConnected]
日志内容:BSSClient报错：远程主机强迫关闭了一个现有的连接。

日志时间:2017-12-21 18:43:54
日志级别:Info
日志位置:类[Core],方法[BSClient_DisConnected]
日志内容:BSSClient报错：远程主机强迫关闭了一个现有的连接。

日志时间:2017-12-21 18:44:04
日志级别:Info
日志位置:类[Core],方法[BSClient_DisConnected]
日志内容:BSSClient报错：远程主机强迫关闭了一个现有的连接。

日志时间:2017-12-21 18:44:14
日志级别:Info
日志位置:类[Core],方法[BSClient_DisConnected]
日志内容:BSSClient报错：远程主机强迫关闭了一个现有的连接。

日志时间:2017-12-21 18:44:24
日志级别:Info
日志位置:类[Core],方法[BSClient_DisConnected]
日志内容:BSSClient报错：远程主机强迫关闭了一个现有的连接。

日志时间:2017-12-21 18:44:34
日志级别:Info
日志位置:类[Core],方法[BSClient_DisConnected]
日志内容:BSSClient报错：远程主机强迫关闭了一个现有的连接。

日志时间:2017-12-21 18:44:44
日志级别:Info
日志位置:类[Core],方法[BSClient_DisConnected]
日志内容:BSSClient报错：远程主机强迫关闭了一个现有的连接。

日志时间:2017-12-21 18:44:54
日志级别:Info
日志位置:类[Core],方法[BSClient_DisConnected]
日志内容:BSSClient报错：远程主机强迫关闭了一个现有的连接。

日志时间:2017-12-21 18:45:04
日志级别:Info
日志位置:类[Core],方法[BSClient_DisConnected]
日志内容:BSSClient报错：远程主机强迫关闭了一个现有的连接。

日志时间:2017-12-21 18:45:14
日志级别:Info
日志位置:类[Core],方法[BSClient_DisConnected]
日志内容:BSSClient报错：远程主机强迫关闭了一个现有的连接。

日志时间:2017-12-21 18:45:22
日志级别:Info
日志位置:类[Core],方法[BSClient_DisConnected]
日志内容:BSSClient报错：一个封锁操作被对 WSACancelBlockingCall 的调用中断。

日志时间:2017-12-21 18:45:22
日志级别:Info
日志位置:类[Core],方法[GSClient_DisConnected]
日志内容:GPSClient报错：一个封锁操作被对 WSACancelBlockingCall 的调用中断。

日志时间:2017-12-21 18:45:22
日志级别:Info
日志位置:类[Core],方法[BSClient_DisConnected]
日志内容:BSSClient报错：UdpClient 已关闭。无法访问已释放的对象。
对象名:“System.Net.Sockets.UdpClient”。

日志时间:2017-12-21 18:45:22
日志级别:Info
日志位置:类[Core],方法[GSClient_DisConnected]
日志内容:GPSClient报错：UdpClient 已关闭。无法访问已释放的对象。
对象名:“System.Net.Sockets.UdpClient”。

日志时间:2017-12-21 18:45:22
日志级别:Info
日志位置:类[Core],方法[BSClient_DisConnected]
日志内容:BSSClient报错：UdpClient 已关闭。无法访问已释放的对象。
对象名:“System.Net.Sockets.UdpClient”。

日志时间:2017-12-21 18:45:22
日志级别:Info
日志位置:类[Core],方法[GSClient_DisConnected]
日志内容:GPSClient报错：UdpClient 已关闭。无法访问已释放的对象。
对象名:“System.Net.Sockets.UdpClient”。

日志时间:2017-12-21 18:45:22
日志级别:Info
日志位置:类[Core],方法[BSClient_DisConnected]
日志内容:BSSClient报错：UdpClient 已关闭。无法访问已释放的对象。
对象名:“System.Net.Sockets.UdpClient”。

日志时间:2017-12-21 18:45:22
日志级别:Info
日志位置:类[Core],方法[GSClient_DisConnected]
日志内容:GPSClient报错：UdpClient 已关闭。无法访问已释放的对象。
对象名:“System.Net.Sockets.UdpClient”。

日志时间:2017-12-21 18:45:22
日志级别:Info
日志位置:类[Core],方法[BSClient_DisConnected]
日志内容:BSSClient报错：UdpClient 已关闭。无法访问已释放的对象。
对象名:“System.Net.Sockets.UdpClient”。

日志时间:2017-12-21 18:45:22
日志级别:Info
日志位置:类[Core],方法[GSClient_DisConnected]
日志内容:GPSClient报错：UdpClient 已关闭。无法访问已释放的对象。
对象名:“System.Net.Sockets.UdpClient”。

日志时间:2017-12-21 18:45:22
日志级别:Info
日志位置:类[Core],方法[BSClient_DisConnected]
日志内容:BSSClient报错：UdpClient 已关闭。无法访问已释放的对象。
对象名:“System.Net.Sockets.UdpClient”。

日志时间:2017-12-21 18:45:22
日志级别:Info
日志位置:类[Core],方法[GSClient_DisConnected]
日志内容:GPSClient报错：UdpClient 已关闭。无法访问已释放的对象。
对象名:“System.Net.Sockets.UdpClient”。

日志时间:2017-12-21 18:45:22
日志级别:Info
日志位置:类[Core],方法[BSClient_DisConnected]
日志内容:BSSClient报错：UdpClient 已关闭。无法访问已释放的对象。
对象名:“System.Net.Sockets.UdpClient”。

日志时间:2017-12-21 18:45:22
日志级别:Info
日志位置:类[Core],方法[GSClient_DisConnected]
日志内容:GPSClient报错：UdpClient 已关闭。无法访问已释放的对象。
对象名:“System.Net.Sockets.UdpClient”。

日志时间:2017-12-21 18:45:22
日志级别:Info
日志位置:类[Core],方法[BSClient_DisConnected]
日志内容:BSSClient报错：UdpClient 已关闭。无法访问已释放的对象。
对象名:“System.Net.Sockets.UdpClient”。

日志时间:2017-12-21 18:45:23
日志级别:Info
日志位置:类[Core],方法[GSClient_DisConnected]
日志内容:GPSClient报错：UdpClient 已关闭。无法访问已释放的对象。
对象名:“System.Net.Sockets.UdpClient”。

日志时间:2017-12-21 18:45:23
日志级别:Info
日志位置:类[Core],方法[BSClient_DisConnected]
日志内容:BSSClient报错：UdpClient 已关闭。无法访问已释放的对象。
对象名:“System.Net.Sockets.UdpClient”。

日志时间:2017-12-21 18:45:23
日志级别:Info
日志位置:类[Core],方法[GSClient_DisConnected]
日志内容:GPSClient报错：UdpClient 已关闭。无法访问已释放的对象。
对象名:“System.Net.Sockets.UdpClient”。

日志时间:2017-12-21 18:45:23
日志级别:Info
日志位置:类[Core],方法[BSClient_DisConnected]
日志内容:BSSClient报错：UdpClient 已关闭。无法访问已释放的对象。
对象名:“System.Net.Sockets.UdpClient”。

日志时间:2017-12-21 18:45:23
日志级别:Info
日志位置:类[Core],方法[GSClient_DisConnected]
日志内容:GPSClient报错：UdpClient 已关闭。无法访问已释放的对象。
对象名:“System.Net.Sockets.UdpClient”。

日志时间:2017-12-21 18:45:23
日志级别:Info
日志位置:类[Core],方法[BSClient_DisConnected]
日志内容:BSSClient报错：UdpClient 已关闭。无法访问已释放的对象。
对象名:“System.Net.Sockets.UdpClient”。

日志时间:2017-12-21 18:45:23
日志级别:Info
日志位置:类[Core],方法[GSClient_DisConnected]
日志内容:GPSClient报错：UdpClient 已关闭。无法访问已释放的对象。
对象名:“System.Net.Sockets.UdpClient”。

日志时间:2017-12-21 18:45:23
日志级别:Info
日志位置:类[Core],方法[BSClient_DisConnected]
日志内容:BSSClient报错：UdpClient 已关闭。无法访问已释放的对象。
对象名:“System.Net.Sockets.UdpClient”。

日志时间:2017-12-21 18:45:23
日志级别:Info
日志位置:类[Core],方法[GSClient_DisConnected]
日志内容:GPSClient报错：UdpClient 已关闭。无法访问已释放的对象。
对象名:“System.Net.Sockets.UdpClient”。

日志时间:2017-12-21 18:45:23
日志级别:Info
日志位置:类[Core],方法[BSClient_DisConnected]
日志内容:BSSClient报错：UdpClient 已关闭。无法访问已释放的对象。
对象名:“System.Net.Sockets.UdpClient”。

日志时间:2017-12-21 18:45:23
日志级别:Info
日志位置:类[Core],方法[GSClient_DisConnected]
日志内容:GPSClient报错：UdpClient 已关闭。无法访问已释放的对象。
对象名:“System.Net.Sockets.UdpClient”。

日志时间:2017-12-21 18:45:23
日志级别:Info
日志位置:类[Core],方法[BSClient_DisConnected]
日志内容:BSSClient报错：UdpClient 已关闭。无法访问已释放的对象。
对象名:“System.Net.Sockets.UdpClient”。

日志时间:2017-12-21 18:45:23
日志级别:Info
日志位置:类[Core],方法[GSClient_DisConnected]
日志内容:GPSClient报错：UdpClient 已关闭。无法访问已释放的对象。
对象名:“System.Net.Sockets.UdpClient”。

日志时间:2017-12-21 18:45:23
日志级别:Info
日志位置:类[Core],方法[BSClient_DisConnected]
日志内容:BSSClient报错：UdpClient 已关闭。无法访问已释放的对象。
对象名:“System.Net.Sockets.UdpClient”。

日志时间:2017-12-21 18:45:23
日志级别:Info
日志位置:类[Core],方法[GSClient_DisConnected]
日志内容:GPSClient报错：UdpClient 已关闭。无法访问已释放的对象。
对象名:“System.Net.Sockets.UdpClient”。

日志时间:2017-12-21 18:45:23
日志级别:Info
日志位置:类[Core],方法[BSClient_DisConnected]
日志内容:BSSClient报错：UdpClient 已关闭。无法访问已释放的对象。
对象名:“System.Net.Sockets.UdpClient”。

日志时间:2017-12-21 18:45:23
日志级别:Info
日志位置:类[Core],方法[GSClient_DisConnected]
日志内容:GPSClient报错：UdpClient 已关闭。无法访问已释放的对象。
对象名:“System.Net.Sockets.UdpClient”。

日志时间:2017-12-21 18:45:23
日志级别:Info
日志位置:类[Core],方法[BSClient_DisConnected]
日志内容:BSSClient报错：UdpClient 已关闭。无法访问已释放的对象。
对象名:“System.Net.Sockets.UdpClient”。

日志时间:2017-12-21 18:45:23
日志级别:Info
日志位置:类[Core],方法[GSClient_DisConnected]
日志内容:GPSClient报错：UdpClient 已关闭。无法访问已释放的对象。
对象名:“System.Net.Sockets.UdpClient”。

日志时间:2017-12-21 18:45:23
日志级别:Info
日志位置:类[Core],方法[BSClient_DisConnected]
日志内容:BSSClient报错：UdpClient 已关闭。无法访问已释放的对象。
对象名:“System.Net.Sockets.UdpClient”。

日志时间:2017-12-21 18:45:23
日志级别:Info
日志位置:类[Core],方法[GSClient_DisConnected]
日志内容:GPSClient报错：UdpClient 已关闭。无法访问已释放的对象。
对象名:“System.Net.Sockets.UdpClient”。

日志时间:2017-12-21 18:45:23
日志级别:Info
日志位置:类[Core],方法[BSClient_DisConnected]
日志内容:BSSClient报错：UdpClient 已关闭。无法访问已释放的对象。
对象名:“System.Net.Sockets.UdpClient”。

日志时间:2017-12-21 18:45:23
日志级别:Info
日志位置:类[Core],方法[GSClient_DisConnected]
日志内容:GPSClient报错：UdpClient 已关闭。无法访问已释放的对象。
对象名:“System.Net.Sockets.UdpClient”。

日志时间:2017-12-21 18:49:09
日志级别:Info
日志位置:类[Core],方法[BSClient_DisConnected]
日志内容:BSSClient报错：远程主机强迫关闭了一个现有的连接。

日志时间:2017-12-21 18:49:19
日志级别:Info
日志位置:类[Core],方法[BSClient_DisConnected]
日志内容:BSSClient报错：远程主机强迫关闭了一个现有的连接。

日志时间:2017-12-21 18:49:29
日志级别:Info
日志位置:类[Core],方法[BSClient_DisConnected]
日志内容:BSSClient报错：远程主机强迫关闭了一个现有的连接。

日志时间:2017-12-21 18:49:39
日志级别:Info
日志位置:类[Core],方法[BSClient_DisConnected]
日志内容:BSSClient报错：远程主机强迫关闭了一个现有的连接。

日志时间:2017-12-21 18:49:49
日志级别:Info
日志位置:类[Core],方法[BSClient_DisConnected]
日志内容:BSSClient报错：远程主机强迫关闭了一个现有的连接。

日志时间:2017-12-21 18:49:59
日志级别:Info
日志位置:类[Core],方法[BSClient_DisConnected]
日志内容:BSSClient报错：远程主机强迫关闭了一个现有的连接。

日志时间:2017-12-21 18:50:09
日志级别:Info
日志位置:类[Core],方法[BSClient_DisConnected]
日志内容:BSSClient报错：远程主机强迫关闭了一个现有的连接。

日志时间:2017-12-21 18:50:19
日志级别:Info
日志位置:类[Core],方法[BSClient_DisConnected]
日志内容:BSSClient报错：远程主机强迫关闭了一个现有的连接。

日志时间:2017-12-21 18:50:29
日志级别:Info
日志位置:类[Core],方法[BSClient_DisConnected]
日志内容:BSSClient报错：远程主机强迫关闭了一个现有的连接。

日志时间:2017-12-21 18:50:39
日志级别:Info
日志位置:类[Core],方法[BSClient_DisConnected]
日志内容:BSSClient报错：远程主机强迫关闭了一个现有的连接。

日志时间:2017-12-21 18:50:49
日志级别:Info
日志位置:类[Core],方法[BSClient_DisConnected]
日志内容:BSSClient报错：远程主机强迫关闭了一个现有的连接。

日志时间:2017-12-21 18:50:59
日志级别:Info
日志位置:类[Core],方法[BSClient_DisConnected]
日志内容:BSSClient报错：远程主机强迫关闭了一个现有的连接。

日志时间:2017-12-21 18:51:09
日志级别:Info
日志位置:类[Core],方法[BSClient_DisConnected]
日志内容:BSSClient报错：远程主机强迫关闭了一个现有的连接。

日志时间:2017-12-21 18:51:19
日志级别:Info
日志位置:类[Core],方法[BSClient_DisConnected]
日志内容:BSSClient报错：远程主机强迫关闭了一个现有的连接。

日志时间:2017-12-21 18:51:29
日志级别:Info
日志位置:类[Core],方法[BSClient_DisConnected]
日志内容:BSSClient报错：远程主机强迫关闭了一个现有的连接。

日志时间:2017-12-21 18:51:39
日志级别:Info
日志位置:类[Core],方法[BSClient_DisConnected]
日志内容:BSSClient报错：远程主机强迫关闭了一个现有的连接。

日志时间:2017-12-21 18:51:49
日志级别:Info
日志位置:类[Core],方法[BSClient_DisConnected]
日志内容:BSSClient报错：远程主机强迫关闭了一个现有的连接。

日志时间:2017-12-21 18:51:59
日志级别:Info
日志位置:类[Core],方法[BSClient_DisConnected]
日志内容:BSSClient报错：远程主机强迫关闭了一个现有的连接。

日志时间:2017-12-21 18:52:09
日志级别:Info
日志位置:类[Core],方法[BSClient_DisConnected]
日志内容:BSSClient报错：远程主机强迫关闭了一个现有的连接。

日志时间:2017-12-21 18:52:19
日志级别:Info
日志位置:类[Core],方法[BSClient_DisConnected]
日志内容:BSSClient报错：远程主机强迫关闭了一个现有的连接。

日志时间:2017-12-21 18:52:29
日志级别:Info
日志位置:类[Core],方法[BSClient_DisConnected]
日志内容:BSSClient报错：远程主机强迫关闭了一个现有的连接。

日志时间:2017-12-21 18:52:39
日志级别:Info
日志位置:类[Core],方法[BSClient_DisConnected]
日志内容:BSSClient报错：远程主机强迫关闭了一个现有的连接。

日志时间:2017-12-21 18:52:49
日志级别:Info
日志位置:类[Core],方法[BSClient_DisConnected]
日志内容:BSSClient报错：远程主机强迫关闭了一个现有的连接。

日志时间:2017-12-21 18:52:59
日志级别:Info
日志位置:类[Core],方法[BSClient_DisConnected]
日志内容:BSSClient报错：远程主机强迫关闭了一个现有的连接。

日志时间:2017-12-21 18:53:09
日志级别:Info
日志位置:类[Core],方法[BSClient_DisConnected]
日志内容:BSSClient报错：远程主机强迫关闭了一个现有的连接。

日志时间:2017-12-21 18:53:19
日志级别:Info
日志位置:类[Core],方法[BSClient_DisConnected]
日志内容:BSSClient报错：远程主机强迫关闭了一个现有的连接。

日志时间:2017-12-21 18:53:29
日志级别:Info
日志位置:类[Core],方法[BSClient_DisConnected]
日志内容:BSSClient报错：远程主机强迫关闭了一个现有的连接。

日志时间:2017-12-21 18:53:39
日志级别:Info
日志位置:类[Core],方法[BSClient_DisConnected]
日志内容:BSSClient报错：远程主机强迫关闭了一个现有的连接。

日志时间:2017-12-21 18:53:49
日志级别:Info
日志位置:类[Core],方法[BSClient_DisConnected]
日志内容:BSSClient报错：远程主机强迫关闭了一个现有的连接。

日志时间:2017-12-21 18:53:59
日志级别:Info
日志位置:类[Core],方法[BSClient_DisConnected]
日志内容:BSSClient报错：远程主机强迫关闭了一个现有的连接。

日志时间:2017-12-21 18:54:09
日志级别:Info
日志位置:类[Core],方法[BSClient_DisConnected]
日志内容:BSSClient报错：远程主机强迫关闭了一个现有的连接。

日志时间:2017-12-21 18:54:19
日志级别:Info
日志位置:类[Core],方法[BSClient_DisConnected]
日志内容:BSSClient报错：远程主机强迫关闭了一个现有的连接。

日志时间:2017-12-21 18:54:29
日志级别:Info
日志位置:类[Core],方法[BSClient_DisConnected]
日志内容:BSSClient报错：远程主机强迫关闭了一个现有的连接。

日志时间:2017-12-21 18:54:39
日志级别:Info
日志位置:类[Core],方法[BSClient_DisConnected]
日志内容:BSSClient报错：远程主机强迫关闭了一个现有的连接。

日志时间:2017-12-21 18:54:49
日志级别:Info
日志位置:类[Core],方法[BSClient_DisConnected]
日志内容:BSSClient报错：远程主机强迫关闭了一个现有的连接。

日志时间:2017-12-21 18:54:59
日志级别:Info
日志位置:类[Core],方法[BSClient_DisConnected]
日志内容:BSSClient报错：远程主机强迫关闭了一个现有的连接。

日志时间:2017-12-21 18:55:09
日志级别:Info
日志位置:类[Core],方法[BSClient_DisConnected]
日志内容:BSSClient报错：远程主机强迫关闭了一个现有的连接。

日志时间:2017-12-21 18:55:19
日志级别:Info
日志位置:类[Core],方法[BSClient_DisConnected]
日志内容:BSSClient报错：远程主机强迫关闭了一个现有的连接。

日志时间:2017-12-21 18:55:29
日志级别:Info
日志位置:类[Core],方法[BSClient_DisConnected]
日志内容:BSSClient报错：远程主机强迫关闭了一个现有的连接。

日志时间:2017-12-21 18:55:39
日志级别:Info
日志位置:类[Core],方法[BSClient_DisConnected]
日志内容:BSSClient报错：远程主机强迫关闭了一个现有的连接。

日志时间:2017-12-21 18:55:49
日志级别:Info
日志位置:类[Core],方法[BSClient_DisConnected]
日志内容:BSSClient报错：远程主机强迫关闭了一个现有的连接。

日志时间:2017-12-21 18:55:59
日志级别:Info
日志位置:类[Core],方法[BSClient_DisConnected]
日志内容:BSSClient报错：远程主机强迫关闭了一个现有的连接。

日志时间:2017-12-21 18:56:09
日志级别:Info
日志位置:类[Core],方法[BSClient_DisConnected]
日志内容:BSSClient报错：远程主机强迫关闭了一个现有的连接。

日志时间:2017-12-21 18:56:19
日志级别:Info
日志位置:类[Core],方法[BSClient_DisConnected]
日志内容:BSSClient报错：远程主机强迫关闭了一个现有的连接。

日志时间:2017-12-21 18:56:29
日志级别:Info
日志位置:类[Core],方法[BSClient_DisConnected]
日志内容:BSSClient报错：远程主机强迫关闭了一个现有的连接。

日志时间:2017-12-21 18:56:39
日志级别:Info
日志位置:类[Core],方法[BSClient_DisConnected]
日志内容:BSSClient报错：远程主机强迫关闭了一个现有的连接。

日志时间:2017-12-21 18:56:49
日志级别:Info
日志位置:类[Core],方法[BSClient_DisConnected]
日志内容:BSSClient报错：远程主机强迫关闭了一个现有的连接。

日志时间:2017-12-21 18:56:59
日志级别:Info
日志位置:类[Core],方法[BSClient_DisConnected]
日志内容:BSSClient报错：远程主机强迫关闭了一个现有的连接。

日志时间:2017-12-21 18:57:09
日志级别:Info
日志位置:类[Core],方法[BSClient_DisConnected]
日志内容:BSSClient报错：远程主机强迫关闭了一个现有的连接。

日志时间:2017-12-21 18:57:19
日志级别:Info
日志位置:类[Core],方法[BSClient_DisConnected]
日志内容:BSSClient报错：远程主机强迫关闭了一个现有的连接。

日志时间:2017-12-21 18:57:29
日志级别:Info
日志位置:类[Core],方法[BSClient_DisConnected]
日志内容:BSSClient报错：远程主机强迫关闭了一个现有的连接。

日志时间:2017-12-21 18:57:39
日志级别:Info
日志位置:类[Core],方法[BSClient_DisConnected]
日志内容:BSSClient报错：远程主机强迫关闭了一个现有的连接。

日志时间:2017-12-21 18:57:49
日志级别:Info
日志位置:类[Core],方法[BSClient_DisConnected]
日志内容:BSSClient报错：远程主机强迫关闭了一个现有的连接。

日志时间:2017-12-21 18:57:59
日志级别:Info
日志位置:类[Core],方法[BSClient_DisConnected]
日志内容:BSSClient报错：远程主机强迫关闭了一个现有的连接。

日志时间:2017-12-21 18:58:09
日志级别:Info
日志位置:类[Core],方法[BSClient_DisConnected]
日志内容:BSSClient报错：远程主机强迫关闭了一个现有的连接。

日志时间:2017-12-21 18:58:19
日志级别:Info
日志位置:类[Core],方法[BSClient_DisConnected]
日志内容:BSSClient报错：远程主机强迫关闭了一个现有的连接。

日志时间:2017-12-21 18:58:29
日志级别:Info
日志位置:类[Core],方法[BSClient_DisConnected]
日志内容:BSSClient报错：远程主机强迫关闭了一个现有的连接。

日志时间:2017-12-21 18:58:39
日志级别:Info
日志位置:类[Core],方法[BSClient_DisConnected]
日志内容:BSSClient报错：远程主机强迫关闭了一个现有的连接。

日志时间:2017-12-21 18:58:49
日志级别:Info
日志位置:类[Core],方法[BSClient_DisConnected]
日志内容:BSSClient报错：远程主机强迫关闭了一个现有的连接。

日志时间:2017-12-21 18:58:59
日志级别:Info
日志位置:类[Core],方法[BSClient_DisConnected]
日志内容:BSSClient报错：远程主机强迫关闭了一个现有的连接。

日志时间:2017-12-21 18:59:09
日志级别:Info
日志位置:类[Core],方法[BSClient_DisConnected]
日志内容:BSSClient报错：远程主机强迫关闭了一个现有的连接。

日志时间:2017-12-21 18:59:19
日志级别:Info
日志位置:类[Core],方法[BSClient_DisConnected]
日志内容:BSSClient报错：远程主机强迫关闭了一个现有的连接。

日志时间:2017-12-21 18:59:29
日志级别:Info
日志位置:类[Core],方法[BSClient_DisConnected]
日志内容:BSSClient报错：远程主机强迫关闭了一个现有的连接。

日志时间:2017-12-21 18:59:39
日志级别:Info
日志位置:类[Core],方法[BSClient_DisConnected]
日志内容:BSSClient报错：远程主机强迫关闭了一个现有的连接。

日志时间:2017-12-21 18:59:49
日志级别:Info
日志位置:类[Core],方法[BSClient_DisConnected]
日志内容:BSSClient报错：远程主机强迫关闭了一个现有的连接。

日志时间:2017-12-21 18:59:59
日志级别:Info
日志位置:类[Core],方法[BSClient_DisConnected]
日志内容:BSSClient报错：远程主机强迫关闭了一个现有的连接。

日志时间:2017-12-21 19:00:09
日志级别:Info
日志位置:类[Core],方法[BSClient_DisConnected]
日志内容:BSSClient报错：远程主机强迫关闭了一个现有的连接。

日志时间:2017-12-21 19:00:19
日志级别:Info
日志位置:类[Core],方法[BSClient_DisConnected]
日志内容:BSSClient报错：远程主机强迫关闭了一个现有的连接。

日志时间:2017-12-21 19:00:29
日志级别:Info
日志位置:类[Core],方法[BSClient_DisConnected]
日志内容:BSSClient报错：远程主机强迫关闭了一个现有的连接。

日志时间:2017-12-21 19:00:39
日志级别:Info
日志位置:类[Core],方法[BSClient_DisConnected]
日志内容:BSSClient报错：远程主机强迫关闭了一个现有的连接。

日志时间:2017-12-21 19:00:49
日志级别:Info
日志位置:类[Core],方法[BSClient_DisConnected]
日志内容:BSSClient报错：远程主机强迫关闭了一个现有的连接。

日志时间:2017-12-21 19:00:59
日志级别:Info
日志位置:类[Core],方法[BSClient_DisConnected]
日志内容:BSSClient报错：远程主机强迫关闭了一个现有的连接。

日志时间:2017-12-21 19:01:09
日志级别:Info
日志位置:类[Core],方法[BSClient_DisConnected]
日志内容:BSSClient报错：远程主机强迫关闭了一个现有的连接。

日志时间:2017-12-21 19:01:19
日志级别:Info
日志位置:类[Core],方法[BSClient_DisConnected]
日志内容:BSSClient报错：远程主机强迫关闭了一个现有的连接。

日志时间:2017-12-21 19:01:29
日志级别:Info
日志位置:类[Core],方法[BSClient_DisConnected]
日志内容:BSSClient报错：远程主机强迫关闭了一个现有的连接。

日志时间:2017-12-21 19:01:39
日志级别:Info
日志位置:类[Core],方法[BSClient_DisConnected]
日志内容:BSSClient报错：远程主机强迫关闭了一个现有的连接。

日志时间:2017-12-21 19:01:49
日志级别:Info
日志位置:类[Core],方法[BSClient_DisConnected]
日志内容:BSSClient报错：远程主机强迫关闭了一个现有的连接。

日志时间:2017-12-21 19:01:59
日志级别:Info
日志位置:类[Core],方法[BSClient_DisConnected]
日志内容:BSSClient报错：远程主机强迫关闭了一个现有的连接。

日志时间:2017-12-21 19:02:09
日志级别:Info
日志位置:类[Core],方法[BSClient_DisConnected]
日志内容:BSSClient报错：远程主机强迫关闭了一个现有的连接。

日志时间:2017-12-21 19:02:14
日志级别:Info
日志位置:类[Core],方法[BSClient_DisConnected]
日志内容:BSSClient报错：一个封锁操作被对 WSACancelBlockingCall 的调用中断。

日志时间:2017-12-21 19:02:14
日志级别:Info
日志位置:类[Core],方法[GSClient_DisConnected]
日志内容:GPSClient报错：一个封锁操作被对 WSACancelBlockingCall 的调用中断。

日志时间:2017-12-21 19:02:14
日志级别:Info
日志位置:类[Core],方法[BSClient_DisConnected]
日志内容:BSSClient报错：UdpClient 已关闭。无法访问已释放的对象。
对象名:“System.Net.Sockets.UdpClient”。

日志时间:2017-12-21 19:02:14
日志级别:Info
日志位置:类[Core],方法[GSClient_DisConnected]
日志内容:GPSClient报错：UdpClient 已关闭。无法访问已释放的对象。
对象名:“System.Net.Sockets.UdpClient”。

日志时间:2017-12-21 19:02:14
日志级别:Info
日志位置:类[Core],方法[BSClient_DisConnected]
日志内容:BSSClient报错：UdpClient 已关闭。无法访问已释放的对象。
对象名:“System.Net.Sockets.UdpClient”。

日志时间:2017-12-21 19:02:14
日志级别:Info
日志位置:类[Core],方法[GSClient_DisConnected]
日志内容:GPSClient报错：UdpClient 已关闭。无法访问已释放的对象。
对象名:“System.Net.Sockets.UdpClient”。

日志时间:2017-12-21 19:02:14
日志级别:Info
日志位置:类[Core],方法[BSClient_DisConnected]
日志内容:BSSClient报错：UdpClient 已关闭。无法访问已释放的对象。
对象名:“System.Net.Sockets.UdpClient”。

日志时间:2017-12-21 19:02:14
日志级别:Info
日志位置:类[Core],方法[GSClient_DisConnected]
日志内容:GPSClient报错：UdpClient 已关闭。无法访问已释放的对象。
对象名:“System.Net.Sockets.UdpClient”。

日志时间:2017-12-21 19:02:14
日志级别:Info
日志位置:类[Core],方法[BSClient_DisConnected]
日志内容:BSSClient报错：UdpClient 已关闭。无法访问已释放的对象。
对象名:“System.Net.Sockets.UdpClient”。

日志时间:2017-12-21 19:02:14
日志级别:Info
日志位置:类[Core],方法[GSClient_DisConnected]
日志内容:GPSClient报错：UdpClient 已关闭。无法访问已释放的对象。
对象名:“System.Net.Sockets.UdpClient”。

日志时间:2017-12-21 19:02:14
日志级别:Info
日志位置:类[Core],方法[BSClient_DisConnected]
日志内容:BSSClient报错：UdpClient 已关闭。无法访问已释放的对象。
对象名:“System.Net.Sockets.UdpClient”。

日志时间:2017-12-21 19:02:14
日志级别:Info
日志位置:类[Core],方法[GSClient_DisConnected]
日志内容:GPSClient报错：UdpClient 已关闭。无法访问已释放的对象。
对象名:“System.Net.Sockets.UdpClient”。

日志时间:2017-12-21 19:02:14
日志级别:Info
日志位置:类[Core],方法[BSClient_DisConnected]
日志内容:BSSClient报错：UdpClient 已关闭。无法访问已释放的对象。
对象名:“System.Net.Sockets.UdpClient”。

日志时间:2017-12-21 19:02:14
日志级别:Info
日志位置:类[Core],方法[GSClient_DisConnected]
日志内容:GPSClient报错：UdpClient 已关闭。无法访问已释放的对象。
对象名:“System.Net.Sockets.UdpClient”。

日志时间:2017-12-21 19:02:14
日志级别:Info
日志位置:类[Core],方法[BSClient_DisConnected]
日志内容:BSSClient报错：UdpClient 已关闭。无法访问已释放的对象。
对象名:“System.Net.Sockets.UdpClient”。

日志时间:2017-12-21 19:02:14
日志级别:Info
日志位置:类[Core],方法[GSClient_DisConnected]
日志内容:GPSClient报错：UdpClient 已关闭。无法访问已释放的对象。
对象名:“System.Net.Sockets.UdpClient”。

日志时间:2017-12-21 19:02:14
日志级别:Info
日志位置:类[Core],方法[BSClient_DisConnected]
日志内容:BSSClient报错：UdpClient 已关闭。无法访问已释放的对象。
对象名:“System.Net.Sockets.UdpClient”。

日志时间:2017-12-21 19:02:14
日志级别:Info
日志位置:类[Core],方法[GSClient_DisConnected]
日志内容:GPSClient报错：UdpClient 已关闭。无法访问已释放的对象。
对象名:“System.Net.Sockets.UdpClient”。

日志时间:2017-12-21 19:02:14
日志级别:Info
日志位置:类[Core],方法[BSClient_DisConnected]
日志内容:BSSClient报错：UdpClient 已关闭。无法访问已释放的对象。
对象名:“System.Net.Sockets.UdpClient”。

日志时间:2017-12-21 19:02:14
日志级别:Info
日志位置:类[Core],方法[GSClient_DisConnected]
日志内容:GPSClient报错：UdpClient 已关闭。无法访问已释放的对象。
对象名:“System.Net.Sockets.UdpClient”。

日志时间:2017-12-21 19:02:14
日志级别:Info
日志位置:类[Core],方法[BSClient_DisConnected]
日志内容:BSSClient报错：UdpClient 已关闭。无法访问已释放的对象。
对象名:“System.Net.Sockets.UdpClient”。

日志时间:2017-12-21 19:02:14
日志级别:Info
日志位置:类[Core],方法[GSClient_DisConnected]
日志内容:GPSClient报错：UdpClient 已关闭。无法访问已释放的对象。
对象名:“System.Net.Sockets.UdpClient”。

日志时间:2017-12-21 19:02:14
日志级别:Info
日志位置:类[Core],方法[BSClient_DisConnected]
日志内容:BSSClient报错：UdpClient 已关闭。无法访问已释放的对象。
对象名:“System.Net.Sockets.UdpClient”。

日志时间:2017-12-21 19:02:14
日志级别:Info
日志位置:类[Core],方法[GSClient_DisConnected]
日志内容:GPSClient报错：UdpClient 已关闭。无法访问已释放的对象。
对象名:“System.Net.Sockets.UdpClient”。

日志时间:2017-12-21 19:02:14
日志级别:Info
日志位置:类[Core],方法[BSClient_DisConnected]
日志内容:BSSClient报错：UdpClient 已关闭。无法访问已释放的对象。
对象名:“System.Net.Sockets.UdpClient”。

日志时间:2017-12-21 19:02:14
日志级别:Info
日志位置:类[Core],方法[GSClient_DisConnected]
日志内容:GPSClient报错：UdpClient 已关闭。无法访问已释放的对象。
对象名:“System.Net.Sockets.UdpClient”。

日志时间:2017-12-21 19:02:14
日志级别:Info
日志位置:类[Core],方法[BSClient_DisConnected]
日志内容:BSSClient报错：UdpClient 已关闭。无法访问已释放的对象。
对象名:“System.Net.Sockets.UdpClient”。

日志时间:2017-12-21 19:02:14
日志级别:Info
日志位置:类[Core],方法[GSClient_DisConnected]
日志内容:GPSClient报错：UdpClient 已关闭。无法访问已释放的对象。
对象名:“System.Net.Sockets.UdpClient”。

日志时间:2017-12-21 19:02:14
日志级别:Info
日志位置:类[Core],方法[BSClient_DisConnected]
日志内容:BSSClient报错：UdpClient 已关闭。无法访问已释放的对象。
对象名:“System.Net.Sockets.UdpClient”。

日志时间:2017-12-21 19:02:14
日志级别:Info
日志位置:类[Core],方法[GSClient_DisConnected]
日志内容:GPSClient报错：UdpClient 已关闭。无法访问已释放的对象。
对象名:“System.Net.Sockets.UdpClient”。

日志时间:2017-12-21 19:02:14
日志级别:Info
日志位置:类[Core],方法[BSClient_DisConnected]
日志内容:BSSClient报错：UdpClient 已关闭。无法访问已释放的对象。
对象名:“System.Net.Sockets.UdpClient”。

日志时间:2017-12-21 19:02:14
日志级别:Info
日志位置:类[Core],方法[GSClient_DisConnected]
日志内容:GPSClient报错：UdpClient 已关闭。无法访问已释放的对象。
对象名:“System.Net.Sockets.UdpClient”。

日志时间:2017-12-21 19:02:14
日志级别:Info
日志位置:类[Core],方法[BSClient_DisConnected]
日志内容:BSSClient报错：UdpClient 已关闭。无法访问已释放的对象。
对象名:“System.Net.Sockets.UdpClient”。

日志时间:2017-12-21 19:02:14
日志级别:Info
日志位置:类[Core],方法[GSClient_DisConnected]
日志内容:GPSClient报错：UdpClient 已关闭。无法访问已释放的对象。
对象名:“System.Net.Sockets.UdpClient”。

日志时间:2017-12-21 19:02:14
日志级别:Info
日志位置:类[Core],方法[BSClient_DisConnected]
日志内容:BSSClient报错：UdpClient 已关闭。无法访问已释放的对象。
对象名:“System.Net.Sockets.UdpClient”。

日志时间:2017-12-21 19:02:14
日志级别:Info
日志位置:类[Core],方法[GSClient_DisConnected]
日志内容:GPSClient报错：UdpClient 已关闭。无法访问已释放的对象。
对象名:“System.Net.Sockets.UdpClient”。

日志时间:2017-12-21 19:02:14
日志级别:Info
日志位置:类[Core],方法[BSClient_DisConnected]
日志内容:BSSClient报错：UdpClient 已关闭。无法访问已释放的对象。
对象名:“System.Net.Sockets.UdpClient”。

日志时间:2017-12-21 19:02:14
日志级别:Info
日志位置:类[Core],方法[GSClient_DisConnected]
日志内容:GPSClient报错：UdpClient 已关闭。无法访问已释放的对象。
对象名:“System.Net.Sockets.UdpClient”。

日志时间:2017-12-21 19:02:14
日志级别:Info
日志位置:类[Core],方法[BSClient_DisConnected]
日志内容:BSSClient报错：UdpClient 已关闭。无法访问已释放的对象。
对象名:“System.Net.Sockets.UdpClient”。

日志时间:2017-12-21 19:02:14
日志级别:Info
日志位置:类[Core],方法[GSClient_DisConnected]
日志内容:GPSClient报错：UdpClient 已关闭。无法访问已释放的对象。
对象名:“System.Net.Sockets.UdpClient”。

日志时间:2017-12-21 19:02:14
日志级别:Info
日志位置:类[Core],方法[BSClient_DisConnected]
日志内容:BSSClient报错：UdpClient 已关闭。无法访问已释放的对象。
对象名:“System.Net.Sockets.UdpClient”。

日志时间:2017-12-21 19:02:14
日志级别:Info
日志位置:类[Core],方法[GSClient_DisConnected]
日志内容:GPSClient报错：UdpClient 已关闭。无法访问已释放的对象。
对象名:“System.Net.Sockets.UdpClient”。

日志时间:2017-12-21 19:02:15
日志级别:Info
日志位置:类[Core],方法[BSClient_DisConnected]
日志内容:BSSClient报错：UdpClient 已关闭。无法访问已释放的对象。
对象名:“System.Net.Sockets.UdpClient”。

日志时间:2017-12-21 19:02:15
日志级别:Info
日志位置:类[Core],方法[GSClient_DisConnected]
日志内容:GPSClient报错：UdpClient 已关闭。无法访问已释放的对象。
对象名:“System.Net.Sockets.UdpClient”。

日志时间:2017-12-21 19:02:15
日志级别:Info
日志位置:类[Core],方法[BSClient_DisConnected]
日志内容:BSSClient报错：UdpClient 已关闭。无法访问已释放的对象。
对象名:“System.Net.Sockets.UdpClient”。

