日志时间:2017-12-20 16:35:03
日志级别:Info
日志位置:类[DataAnalysis],方法[Get_JHInfo]
日志内容:发送工单信息成功，编号：2017122000001

日志时间:2017-12-20 16:35:13
日志级别:Info
日志位置:类[HandleMessage],方法[Handle5211Message]
日志内容:插入签收信息成功，编号：2017122000001

日志时间:2017-12-20 16:35:32
日志级别:Info
日志位置:类[HandleMessage],方法[Handle5214Message]
日志内容:插入工单处置信息成功，编号：2017122000001

日志时间:2017-12-20 16:35:48
日志级别:Info
日志位置:类[HandleMessage],方法[Handle5215Message]
日志内容:插入派车信息成功，编号：2017122000001，车辆编号：苏A12101

日志时间:2017-12-20 16:46:35
日志级别:Info
日志位置:类[DataAnalysis],方法[Get_JHInfo]
日志内容:发送工单信息成功，编号：2017122000002

日志时间:2017-12-20 16:48:55
日志级别:Info
日志位置:类[DataAnalysis],方法[Get_JHInfo]
日志内容:发送工单信息成功，编号：2017122000002

日志时间:2017-12-20 16:49:15
日志级别:Info
日志位置:类[DataAnalysis],方法[Get_JHInfo]
日志内容:发送工单信息成功，编号：2017122000002

日志时间:2017-12-20 16:59:48
日志级别:Info
日志位置:类[DataAnalysis],方法[Get_JHInfo]
日志内容:发送工单信息成功，编号：2017122000002

日志时间:2017-12-20 16:59:57
日志级别:Info
日志位置:类[HandleMessage],方法[Handle5211Message]
日志内容:插入签收信息成功，编号：2017122000002

日志时间:2017-12-20 17:00:13
日志级别:Info
日志位置:类[HandleMessage],方法[Handle5214Message]
日志内容:插入工单处置信息成功，编号：2017122000002

日志时间:2017-12-20 17:00:23
日志级别:Info
日志位置:类[HandleMessage],方法[Handle5215Message]
日志内容:插入派车信息成功，编号：2017122000002，车辆编号：苏A12101

日志时间:2017-12-20 17:01:56
日志级别:Info
日志位置:类[HandleMessage],方法[Handle5217Message]
日志内容:插入车辆节点信息成功，编号：2017122000002，车辆编号：苏A12101

日志时间:2017-12-20 17:11:59
日志级别:Info
日志位置:类[DataAnalysis],方法[Get_JHInfo]
日志内容:发送工单信息成功，编号：2017122000003

日志时间:2017-12-20 17:12:07
日志级别:Info
日志位置:类[HandleMessage],方法[Handle5211Message]
日志内容:插入签收信息成功，编号：2017122000003

日志时间:2017-12-20 17:12:18
日志级别:Info
日志位置:类[HandleMessage],方法[Handle5214Message]
日志内容:插入工单处置信息成功，编号：2017122000003

日志时间:2017-12-20 17:12:27
日志级别:Info
日志位置:类[HandleMessage],方法[Handle5215Message]
日志内容:插入派车信息成功，编号：2017122000003，车辆编号：苏A12101

日志时间:2017-12-20 17:12:35
日志级别:Info
日志位置:类[HandleMessage],方法[Handle5217Message]
日志内容:插入车辆节点信息成功，编号：2017122000003，车辆编号：苏A12101

日志时间:2017-12-20 17:12:36
日志级别:Info
日志位置:类[HandleMessage],方法[Handle5216Message]
日志内容:插入车辆定位信息成功，编号：2017122000003，车辆编号：苏A12101

日志时间:2017-12-20 17:12:45
日志级别:Info
日志位置:类[HandleMessage],方法[Handle5216Message]
日志内容:插入车辆定位信息成功，编号：2017122000003，车辆编号：苏A12101

日志时间:2017-12-20 17:12:55
日志级别:Info
日志位置:类[HandleMessage],方法[Handle5216Message]
日志内容:插入车辆定位信息成功，编号：2017122000003，车辆编号：苏A12101

日志时间:2017-12-20 17:13:03
日志级别:Info
日志位置:类[HandleMessage],方法[Handle5217Message]
日志内容:插入车辆节点信息成功，编号：2017122000003，车辆编号：苏A12101

日志时间:2017-12-20 17:13:05
日志级别:Info
日志位置:类[HandleMessage],方法[Handle5216Message]
日志内容:插入车辆定位信息成功，编号：2017122000003，车辆编号：苏A12101

日志时间:2017-12-20 17:13:15
日志级别:Info
日志位置:类[HandleMessage],方法[Handle5216Message]
日志内容:插入车辆定位信息成功，编号：2017122000003，车辆编号：苏A12101

日志时间:2017-12-20 17:13:25
日志级别:Info
日志位置:类[HandleMessage],方法[Handle5216Message]
日志内容:插入车辆定位信息成功，编号：2017122000003，车辆编号：苏A12101

日志时间:2017-12-20 17:13:35
日志级别:Info
日志位置:类[HandleMessage],方法[Handle5216Message]
日志内容:插入车辆定位信息成功，编号：2017122000003，车辆编号：苏A12101

日志时间:2017-12-20 17:13:45
日志级别:Info
日志位置:类[HandleMessage],方法[Handle5216Message]
日志内容:插入车辆定位信息成功，编号：2017122000003，车辆编号：苏A12101

日志时间:2017-12-20 17:13:55
日志级别:Info
日志位置:类[HandleMessage],方法[Handle5216Message]
日志内容:插入车辆定位信息成功，编号：2017122000003，车辆编号：苏A12101

日志时间:2017-12-20 17:14:46
日志级别:Info
日志位置:类[HandleMessage],方法[Handle5216Message]
日志内容:插入车辆定位信息成功，编号：2017122000003，车辆编号：苏A12101

日志时间:2017-12-20 17:14:47
日志级别:Info
日志位置:类[HandleMessage],方法[Handle5217Message]
日志内容:插入车辆节点信息成功，编号：2017122000003，车辆编号：苏A12101

日志时间:2017-12-20 17:14:56
日志级别:Info
日志位置:类[HandleMessage],方法[Handle5216Message]
日志内容:插入车辆定位信息成功，编号：2017122000003，车辆编号：苏A12101

日志时间:2017-12-20 17:15:16
日志级别:Info
日志位置:类[HandleMessage],方法[Handle5217Message]
日志内容:插入车辆节点信息成功，编号：2017122000003，车辆编号：苏A12101

日志时间:2017-12-20 17:15:16
日志级别:Info
日志位置:类[HandleMessage],方法[Handle5216Message]
日志内容:插入车辆定位信息成功，编号：2017122000003，车辆编号：苏A12101

日志时间:2017-12-20 17:15:26
日志级别:Info
日志位置:类[HandleMessage],方法[Handle5216Message]
日志内容:插入车辆定位信息成功，编号：2017122000003，车辆编号：苏A12101

日志时间:2017-12-20 17:15:28
日志级别:Info
日志位置:类[HandleMessage],方法[Handle5217Message]
日志内容:插入车辆节点信息成功，编号：2017122000003，车辆编号：苏A12101

日志时间:2017-12-20 17:19:47
日志级别:Info
日志位置:类[DataAnalysis],方法[Get_JHInfo]
日志内容:发送工单信息成功，编号：2017122000004

日志时间:2017-12-20 17:20:02
日志级别:Info
日志位置:类[HandleMessage],方法[Handle5212Message]
日志内容:插入退单信息成功，编号：2017122000004

日志时间:2017-12-20 17:26:08
日志级别:Info
日志位置:类[DataAnalysis],方法[Get_JHInfo]
日志内容:发送退单反馈意见信息成功，编号：2017122000004

日志时间:2017-12-20 17:29:18
日志级别:Info
日志位置:类[DataAnalysis],方法[Get_JHInfo]
日志内容:发送退单反馈意见信息成功，编号：2017122000004

日志时间:2017-12-20 17:29:58
日志级别:Info
日志位置:类[DataAnalysis],方法[Get_JHInfo]
日志内容:发送退单反馈意见信息成功，编号：2017122000004

日志时间:2017-12-20 17:31:28
日志级别:Info
日志位置:类[DataAnalysis],方法[Get_JHInfo]
日志内容:发送退单反馈意见信息成功，编号：2017122000004

日志时间:2017-12-20 17:35:15
日志级别:Info
日志位置:类[DataAnalysis],方法[Get_JHInfo]
日志内容:发送工单信息成功，编号：2017122000005

日志时间:2017-12-20 17:36:15
日志级别:Info
日志位置:类[HandleMessage],方法[Handle5212Message]
日志内容:插入退单信息成功，编号：2017122000005

日志时间:2017-12-20 17:36:45
日志级别:Info
日志位置:类[DataAnalysis],方法[Get_JHInfo]
日志内容:发送退单反馈意见信息成功，编号：2017122000005

日志时间:2017-12-20 17:38:06
日志级别:Info
日志位置:类[DataAnalysis],方法[Get_JHInfo]
日志内容:发送工单信息成功，编号：2017122000006

日志时间:2017-12-20 17:38:45
日志级别:Info
日志位置:类[HandleMessage],方法[Handle5211Message]
日志内容:插入签收信息成功，编号：2017122000006

日志时间:2017-12-20 17:38:51
日志级别:Info
日志位置:类[HandleMessage],方法[Handle5214Message]
日志内容:插入工单处置信息成功，编号：2017122000006

日志时间:2017-12-20 17:38:55
日志级别:Info
日志位置:类[HandleMessage],方法[Handle5215Message]
日志内容:插入派车信息成功，编号：2017122000006，车辆编号：苏A12102

日志时间:2017-12-20 17:38:56
日志级别:Info
日志位置:类[HandleMessage],方法[Handle5217Message]
日志内容:插入车辆节点信息成功，编号：2017122000006，车辆编号：苏A12102

日志时间:2017-12-20 17:38:56
日志级别:Info
日志位置:类[HandleMessage],方法[Handle5216Message]
日志内容:插入车辆定位信息成功，编号：2017122000006，车辆编号：苏A12102

日志时间:2017-12-20 17:38:57
日志级别:Info
日志位置:类[HandleMessage],方法[Handle5217Message]
日志内容:插入车辆节点信息成功，编号：2017122000006，车辆编号：苏A12102

日志时间:2017-12-20 17:38:59
日志级别:Info
日志位置:类[HandleMessage],方法[Handle5217Message]
日志内容:插入车辆节点信息成功，编号：2017122000006，车辆编号：苏A12102

日志时间:2017-12-20 17:39:00
日志级别:Info
日志位置:类[HandleMessage],方法[Handle5217Message]
日志内容:插入车辆节点信息成功，编号：2017122000006，车辆编号：苏A12102

日志时间:2017-12-20 17:45:14
日志级别:Info
日志位置:类[DataAnalysis],方法[Get_JHInfo]
日志内容:发送工单信息成功，编号：2017122000007

日志时间:2017-12-20 17:45:54
日志级别:Info
日志位置:类[DataAnalysis],方法[Get_JHInfo]
日志内容:发送工单信息成功，编号：2017122000008

日志时间:2017-12-20 17:46:44
日志级别:Info
日志位置:类[HandleMessage],方法[Handle5211Message]
日志内容:插入签收信息成功，编号：2017122000008

日志时间:2017-12-20 17:46:46
日志级别:Info
日志位置:类[HandleMessage],方法[Handle5214Message]
日志内容:插入工单处置信息成功，编号：2017122000008

日志时间:2017-12-20 17:46:49
日志级别:Info
日志位置:类[HandleMessage],方法[Handle5215Message]
日志内容:插入派车信息成功，编号：2017122000008，车辆编号：苏A12100

日志时间:2017-12-20 17:46:52
日志级别:Info
日志位置:类[HandleMessage],方法[Handle5217Message]
日志内容:插入车辆节点信息成功，编号：2017122000008，车辆编号：苏A12100

日志时间:2017-12-20 17:46:52
日志级别:Info
日志位置:类[HandleMessage],方法[Handle5216Message]
日志内容:插入车辆定位信息成功，编号：2017122000008，车辆编号：苏A12100

日志时间:2017-12-20 17:46:53
日志级别:Info
日志位置:类[HandleMessage],方法[Handle5217Message]
日志内容:插入车辆节点信息成功，编号：2017122000008，车辆编号：苏A12100

日志时间:2017-12-20 17:46:55
日志级别:Info
日志位置:类[HandleMessage],方法[Handle5217Message]
日志内容:插入车辆节点信息成功，编号：2017122000008，车辆编号：苏A12100

日志时间:2017-12-20 17:46:56
日志级别:Info
日志位置:类[HandleMessage],方法[Handle5217Message]
日志内容:插入车辆节点信息成功，编号：2017122000008，车辆编号：苏A12100

日志时间:2017-12-20 17:46:57
日志级别:Info
日志位置:类[HandleMessage],方法[Handle5217Message]
日志内容:插入车辆节点信息成功，编号：2017122000008，车辆编号：苏A12100

