日志时间:2018-01-03 11:39:48
日志级别:Info
日志位置:类[DataAnalysis],方法[Get_JHInfo]
日志内容:发送工单信息成功，编号：2017122000002

日志时间:2018-01-03 11:40:58
日志级别:Info
日志位置:类[DataAnalysis],方法[Get_JHInfo]
日志内容:发送工单信息成功，编号：2017122000002

日志时间:2018-01-03 12:42:36
日志级别:Info
日志位置:类[DataAnalysis],方法[Get_JHInfo]
日志内容:发送工单信息成功，编号：2017122000003

日志时间:2018-01-03 14:24:24
日志级别:Info
日志位置:类[DataAnalysis],方法[Get_JHInfo]
日志内容:发送工单信息成功，编号：2018010300001

日志时间:2018-01-03 14:26:03
日志级别:Info
日志位置:类[HandleMessage],方法[Handle5211Message]
日志内容:插入签收信息成功，编号：2018010300001

日志时间:2018-01-03 14:27:56
日志级别:Info
日志位置:类[HandleMessage],方法[Handle5215Message]
日志内容:插入派车信息成功，编号：2018010300001，车辆编号：苏A-6RT01

日志时间:2018-01-03 14:31:28
日志级别:Info
日志位置:类[HandleMessage],方法[Handle5217Message]
日志内容:插入车辆节点信息成功，编号：2018010300001，车辆编号：苏A-6RT01

日志时间:2018-01-03 15:09:05
日志级别:Info
日志位置:类[HandleMessage],方法[Handle5217Message]
日志内容:插入车辆节点信息成功，编号：2018010300001，车辆编号：苏A-6RT01

日志时间:2018-01-03 15:10:43
日志级别:Info
日志位置:类[DataAnalysis],方法[Get_JHInfo]
日志内容:发送工单信息成功，编号：2018010300002

日志时间:2018-01-03 15:11:31
日志级别:Info
日志位置:类[HandleMessage],方法[Handle5211Message]
日志内容:插入签收信息成功，编号：2018010300002

日志时间:2018-01-03 15:11:42
日志级别:Info
日志位置:类[HandleMessage],方法[Handle5214Message]
日志内容:插入工单处置信息成功，编号：2018010300002

日志时间:2018-01-03 15:12:55
日志级别:Info
日志位置:类[HandleMessage],方法[Handle5214Message]
日志内容:插入工单处置信息成功，编号：2018010300002

日志时间:2018-01-03 15:19:37
日志级别:Info
日志位置:类[HandleMessage],方法[Handle5214Message]
日志内容:插入工单处置信息成功，编号：2018010300002

日志时间:2018-01-03 15:20:42
日志级别:Info
日志位置:类[HandleMessage],方法[Handle5215Message]
日志内容:插入派车信息成功，编号：2018010300002，车辆编号：苏A-962G5

日志时间:2018-01-03 15:20:42
日志级别:Info
日志位置:类[HandleMessage],方法[Handle5217Message]
日志内容:插入车辆节点信息成功，编号：2018010300002，车辆编号：苏A-962G5

日志时间:2018-01-03 15:20:42
日志级别:Info
日志位置:类[HandleMessage],方法[Handle5217Message]
日志内容:插入车辆节点信息成功，编号：2018010300002，车辆编号：苏A-962G5

日志时间:2018-01-03 15:20:42
日志级别:Info
日志位置:类[HandleMessage],方法[Handle5217Message]
日志内容:插入车辆节点信息成功，编号：2018010300002，车辆编号：苏A-962G5

日志时间:2018-01-03 15:20:43
日志级别:Info
日志位置:类[HandleMessage],方法[Handle5217Message]
日志内容:插入车辆节点信息成功，编号：2018010300002，车辆编号：苏A-962G5

日志时间:2018-01-03 15:20:43
日志级别:Info
日志位置:类[HandleMessage],方法[Handle5217Message]
日志内容:插入车辆节点信息成功，编号：2018010300002，车辆编号：苏A-962G5

日志时间:2018-01-03 15:22:45
日志级别:Info
日志位置:类[DataAnalysis],方法[Get_JHInfo]
日志内容:发送工单信息成功，编号：2018010300003

日志时间:2018-01-03 15:23:05
日志级别:Info
日志位置:类[DataAnalysis],方法[Get_JHInfo]
日志内容:发送工单信息成功，编号：2018010300004

日志时间:2018-01-03 15:23:19
日志级别:Info
日志位置:类[HandleMessage],方法[Handle5212Message]
日志内容:插入退单信息成功，编号：2018010300003

日志时间:2018-01-03 15:23:42
日志级别:Info
日志位置:类[HandleMessage],方法[Handle5211Message]
日志内容:插入签收信息成功，编号：2018010300004

日志时间:2018-01-03 15:24:45
日志级别:Info
日志位置:类[DataAnalysis],方法[Get_JHInfo]
日志内容:发送工单信息成功，编号：2018010300005

日志时间:2018-01-03 15:26:06
日志级别:Info
日志位置:类[DataAnalysis],方法[Get_JHInfo]
日志内容:发送工单信息成功，编号：2018010300006

日志时间:2018-01-03 15:26:56
日志级别:Info
日志位置:类[HandleMessage],方法[Handle5211Message]
日志内容:插入签收信息成功，编号：2018010300006

日志时间:2018-01-03 15:29:40
日志级别:Info
日志位置:类[HandleMessage],方法[Handle5214Message]
日志内容:插入工单处置信息成功，编号：2018010300006

日志时间:2018-01-03 15:32:44
日志级别:Info
日志位置:类[HandleMessage],方法[Handle5214Message]
日志内容:插入工单处置信息成功，编号：2018010300006

