日志时间:2017-12-20 16:34:29
日志级别:Info
日志位置:类[MainUI],方法[Start]
日志内容:软件开始启动

日志时间:2017-12-20 16:34:30
日志级别:Info
日志位置:类[BssClient],方法[Start]
日志内容:BSSClient已启动

日志时间:2017-12-20 16:34:30
日志级别:Info
日志位置:类[GServer],方法[Start]
日志内容:GPSClient已启动

日志时间:2017-12-20 16:34:30
日志级别:Info
日志位置:类[DataAnalysis],方法[Start]
日志内容:DataAnalysis已启动

日志时间:2017-12-20 16:34:30
日志级别:Info
日志位置:类[MainUI],方法[Start]
日志内容:软件启动完毕

日志时间:2017-12-20 16:49:59
日志级别:Info
日志位置:类[MainUI],方法[Start]
日志内容:软件退出

日志时间:2017-12-20 16:59:45
日志级别:Info
日志位置:类[MainUI],方法[Start]
日志内容:软件开始启动

日志时间:2017-12-20 16:59:46
日志级别:Info
日志位置:类[BssClient],方法[Start]
日志内容:BSSClient已启动

日志时间:2017-12-20 16:59:46
日志级别:Info
日志位置:类[GServer],方法[Start]
日志内容:GPSClient已启动

日志时间:2017-12-20 16:59:46
日志级别:Info
日志位置:类[DataAnalysis],方法[Start]
日志内容:DataAnalysis已启动

日志时间:2017-12-20 16:59:46
日志级别:Info
日志位置:类[MainUI],方法[Start]
日志内容:软件启动完毕

日志时间:2017-12-20 17:18:17
日志级别:Info
日志位置:类[MainUI],方法[Start]
日志内容:软件退出

日志时间:2017-12-20 17:18:24
日志级别:Info
日志位置:类[MainUI],方法[Start]
日志内容:软件开始启动

日志时间:2017-12-20 17:18:24
日志级别:Info
日志位置:类[BssClient],方法[Start]
日志内容:BSSClient已启动

日志时间:2017-12-20 17:18:24
日志级别:Info
日志位置:类[GServer],方法[Start]
日志内容:GPSClient已启动

日志时间:2017-12-20 17:18:24
日志级别:Info
日志位置:类[DataAnalysis],方法[Start]
日志内容:DataAnalysis已启动

日志时间:2017-12-20 17:18:24
日志级别:Info
日志位置:类[MainUI],方法[Start]
日志内容:软件启动完毕

日志时间:2017-12-20 17:34:15
日志级别:Info
日志位置:类[MainUI],方法[Start]
日志内容:软件退出

日志时间:2017-12-20 17:34:31
日志级别:Info
日志位置:类[MainUI],方法[Start]
日志内容:软件开始启动

日志时间:2017-12-20 17:34:32
日志级别:Info
日志位置:类[BssClient],方法[Start]
日志内容:BSSClient已启动

日志时间:2017-12-20 17:34:32
日志级别:Info
日志位置:类[GServer],方法[Start]
日志内容:GPSClient已启动

日志时间:2017-12-20 17:34:32
日志级别:Info
日志位置:类[DataAnalysis],方法[Start]
日志内容:DataAnalysis已启动

日志时间:2017-12-20 17:34:32
日志级别:Info
日志位置:类[MainUI],方法[Start]
日志内容:软件启动完毕

日志时间:2017-12-20 17:37:20
日志级别:Info
日志位置:类[MainUI],方法[Start]
日志内容:软件退出

日志时间:2017-12-20 17:37:33
日志级别:Info
日志位置:类[MainUI],方法[Start]
日志内容:软件开始启动

日志时间:2017-12-20 17:37:33
日志级别:Info
日志位置:类[BssClient],方法[Start]
日志内容:BSSClient已启动

日志时间:2017-12-20 17:37:33
日志级别:Info
日志位置:类[GServer],方法[Start]
日志内容:GPSClient已启动

日志时间:2017-12-20 17:37:33
日志级别:Info
日志位置:类[DataAnalysis],方法[Start]
日志内容:DataAnalysis已启动

日志时间:2017-12-20 17:37:33
日志级别:Info
日志位置:类[MainUI],方法[Start]
日志内容:软件启动完毕

日志时间:2017-12-20 17:41:58
日志级别:Info
日志位置:类[MainUI],方法[Start]
日志内容:软件退出

日志时间:2017-12-20 17:44:02
日志级别:Info
日志位置:类[MainUI],方法[Start]
日志内容:软件开始启动

日志时间:2017-12-20 17:44:04
日志级别:Info
日志位置:类[BssClient],方法[Start]
日志内容:BSSClient已启动

日志时间:2017-12-20 17:44:04
日志级别:Info
日志位置:类[GServer],方法[Start]
日志内容:GPSClient已启动

日志时间:2017-12-20 17:44:04
日志级别:Info
日志位置:类[DataAnalysis],方法[Start]
日志内容:DataAnalysis已启动

日志时间:2017-12-20 17:44:04
日志级别:Info
日志位置:类[MainUI],方法[Start]
日志内容:软件启动完毕

日志时间:2017-12-20 17:44:25
日志级别:Info
日志位置:类[MainUI],方法[Start]
日志内容:软件开始启动

日志时间:2017-12-20 17:44:26
日志级别:Info
日志位置:类[BssClient],方法[Start]
日志内容:BSSClient已启动

日志时间:2017-12-20 17:44:26
日志级别:Info
日志位置:类[GServer],方法[Start]
日志内容:GPSClient已启动

日志时间:2017-12-20 17:44:26
日志级别:Info
日志位置:类[DataAnalysis],方法[Start]
日志内容:DataAnalysis已启动

日志时间:2017-12-20 17:44:26
日志级别:Info
日志位置:类[MainUI],方法[Start]
日志内容:软件启动完毕

日志时间:2017-12-20 17:47:45
日志级别:Info
日志位置:类[MainUI],方法[Start]
日志内容:软件退出

