日志时间:2018-01-26 17:05:00
日志级别:Info
日志位置:类[MainUI],方法[Start]
日志内容:软件开始启动

日志时间:2018-01-26 17:05:03
日志级别:Info
日志位置:类[BssClient],方法[Start]
日志内容:BSSClient已启动

日志时间:2018-01-26 17:05:03
日志级别:Info
日志位置:类[GServer],方法[Start]
日志内容:GPSClient已启动

日志时间:2018-01-26 17:05:03
日志级别:Info
日志位置:类[DataAnalysis],方法[Start]
日志内容:DataAnalysis已启动

日志时间:2018-01-26 17:05:03
日志级别:Info
日志位置:类[MainUI],方法[Start]
日志内容:软件启动完毕

日志时间:2018-01-26 17:09:29
日志级别:Info
日志位置:类[MainUI],方法[Start]
日志内容:软件开始启动

日志时间:2018-01-26 17:09:31
日志级别:Info
日志位置:类[BssClient],方法[Start]
日志内容:BSSClient已启动

日志时间:2018-01-26 17:09:31
日志级别:Info
日志位置:类[GServer],方法[Start]
日志内容:GPSClient已启动

日志时间:2018-01-26 17:09:31
日志级别:Info
日志位置:类[DataAnalysis],方法[Start]
日志内容:DataAnalysis已启动

日志时间:2018-01-26 17:09:31
日志级别:Info
日志位置:类[MainUI],方法[Start]
日志内容:软件启动完毕

日志时间:2018-01-26 17:25:58
日志级别:Info
日志位置:类[MainUI],方法[Start]
日志内容:软件开始启动

日志时间:2018-01-26 17:26:00
日志级别:Info
日志位置:类[BssClient],方法[Start]
日志内容:BSSClient已启动

日志时间:2018-01-26 17:26:00
日志级别:Info
日志位置:类[GServer],方法[Start]
日志内容:GPSClient已启动

日志时间:2018-01-26 17:26:00
日志级别:Info
日志位置:类[DataAnalysis],方法[Start]
日志内容:DataAnalysis已启动

日志时间:2018-01-26 17:26:00
日志级别:Info
日志位置:类[MainUI],方法[Start]
日志内容:软件启动完毕

