日志时间:2017-12-19 15:27:03
日志级别:Info
日志位置:类[HandleMessage],方法[Handle5211Message]
日志内容:插入签收信息成功，编号：2017121900001

日志时间:2017-12-19 15:46:06
日志级别:Info
日志位置:类[HandleMessage],方法[Handle5211Message]
日志内容:插入签收信息成功，编号：2017121900001

日志时间:2017-12-19 15:50:40
日志级别:Info
日志位置:类[HandleMessage],方法[Handle5211Message]
日志内容:插入签收信息成功，编号：2017121900001

日志时间:2017-12-19 15:50:58
日志级别:Info
日志位置:类[HandleMessage],方法[Handle5212Message]
日志内容:插入退单信息成功，编号：2017121900001

日志时间:2017-12-19 15:51:12
日志级别:Info
日志位置:类[HandleMessage],方法[Handle5214Message]
日志内容:插入工单处置信息成功，编号：2017121900001

日志时间:2017-12-19 15:51:34
日志级别:Info
日志位置:类[HandleMessage],方法[Handle5214Message]
日志内容:插入工单处置信息成功，编号：2017121900001

日志时间:2017-12-19 15:51:47
日志级别:Info
日志位置:类[HandleMessage],方法[Handle5215Message]
日志内容:插入派车信息成功，编号：2017121900001，车辆编号：苏A88888

日志时间:2017-12-19 15:52:12
日志级别:Info
日志位置:类[HandleMessage],方法[Handle5217Message]
日志内容:插入车辆节点信息成功，编号：2017121900001，车辆编号：苏A88888

日志时间:2017-12-19 18:03:53
日志级别:Info
日志位置:类[DataAnalysis],方法[Get_JHInfo]
日志内容:发送工单信息成功，编号：2017121900002

日志时间:2017-12-19 18:03:53
日志级别:Info
日志位置:类[DataAnalysis],方法[Get_JHInfo]
日志内容:发送工单信息成功，编号：2017121900001

日志时间:2017-12-19 18:04:45
日志级别:Info
日志位置:类[HandleMessage],方法[Handle5211Message]
日志内容:插入签收信息成功，编号：2017121900001

日志时间:2017-12-19 18:05:00
日志级别:Info
日志位置:类[HandleMessage],方法[Handle5212Message]
日志内容:插入退单信息成功，编号：2017121900001

日志时间:2017-12-19 18:05:12
日志级别:Info
日志位置:类[HandleMessage],方法[Handle5214Message]
日志内容:插入工单处置信息成功，编号：2017121900001

日志时间:2017-12-19 18:05:18
日志级别:Info
日志位置:类[HandleMessage],方法[Handle5215Message]
日志内容:插入派车信息成功，编号：2017121900001，车辆编号：苏A88888

日志时间:2017-12-19 18:05:24
日志级别:Info
日志位置:类[HandleMessage],方法[Handle5217Message]
日志内容:插入车辆节点信息成功，编号：2017121900001，车辆编号：苏A88888

日志时间:2017-12-19 18:19:38
日志级别:Info
日志位置:类[HandleMessage],方法[Handle5211Message]
日志内容:插入签收信息成功，编号：2017121900002

日志时间:2017-12-19 18:19:41
日志级别:Info
日志位置:类[HandleMessage],方法[Handle5211Message]
日志内容:插入签收信息成功，编号：2017121900003

日志时间:2017-12-19 18:20:39
日志级别:Info
日志位置:类[DataAnalysis],方法[Get_JHInfo]
日志内容:发送工单信息成功，编号：2017121900003

日志时间:2017-12-19 18:20:39
日志级别:Info
日志位置:类[DataAnalysis],方法[Get_JHInfo]
日志内容:发送工单信息成功，编号：2017121900004

