日志时间:2017-12-21 17:56:59
日志级别:Info
日志位置:类[MainUI],方法[Start]
日志内容:软件开始启动

日志时间:2017-12-21 17:57:00
日志级别:Info
日志位置:类[BssClient],方法[Start]
日志内容:BSSClient已启动

日志时间:2017-12-21 17:57:00
日志级别:Info
日志位置:类[GServer],方法[Start]
日志内容:GPSClient已启动

日志时间:2017-12-21 17:57:00
日志级别:Info
日志位置:类[DataAnalysis],方法[Start]
日志内容:DataAnalysis已启动

日志时间:2017-12-21 17:57:00
日志级别:Info
日志位置:类[MainUI],方法[Start]
日志内容:软件启动完毕

日志时间:2017-12-21 18:03:58
日志级别:Info
日志位置:类[MainUI],方法[Start]
日志内容:软件退出

日志时间:2017-12-21 18:10:22
日志级别:Info
日志位置:类[MainUI],方法[Start]
日志内容:软件开始启动

日志时间:2017-12-21 18:10:23
日志级别:Info
日志位置:类[BssClient],方法[Start]
日志内容:BSSClient已启动

日志时间:2017-12-21 18:10:23
日志级别:Info
日志位置:类[GServer],方法[Start]
日志内容:GPSClient已启动

日志时间:2017-12-21 18:10:23
日志级别:Info
日志位置:类[DataAnalysis],方法[Start]
日志内容:DataAnalysis已启动

日志时间:2017-12-21 18:10:23
日志级别:Info
日志位置:类[MainUI],方法[Start]
日志内容:软件启动完毕

日志时间:2017-12-21 18:45:23
日志级别:Info
日志位置:类[MainUI],方法[Start]
日志内容:软件退出

日志时间:2017-12-21 18:49:08
日志级别:Info
日志位置:类[MainUI],方法[Start]
日志内容:软件开始启动

日志时间:2017-12-21 18:49:09
日志级别:Info
日志位置:类[BssClient],方法[Start]
日志内容:BSSClient已启动

日志时间:2017-12-21 18:49:09
日志级别:Info
日志位置:类[GServer],方法[Start]
日志内容:GPSClient已启动

日志时间:2017-12-21 18:49:09
日志级别:Info
日志位置:类[DataAnalysis],方法[Start]
日志内容:DataAnalysis已启动

日志时间:2017-12-21 18:49:09
日志级别:Info
日志位置:类[MainUI],方法[Start]
日志内容:软件启动完毕

日志时间:2017-12-21 19:02:15
日志级别:Info
日志位置:类[MainUI],方法[Start]
日志内容:软件退出

