日志时间:2017-12-19 15:26:04
日志级别:Info
日志位置:类[MainUI],方法[Start]
日志内容:软件开始启动

日志时间:2017-12-19 15:26:05
日志级别:Info
日志位置:类[BssClient],方法[Start]
日志内容:BSSClient已启动

日志时间:2017-12-19 15:26:05
日志级别:Info
日志位置:类[GServer],方法[Start]
日志内容:GPSClient已启动

日志时间:2017-12-19 15:26:05
日志级别:Info
日志位置:类[DataAnalysis],方法[Start]
日志内容:DataAnalysis已启动

日志时间:2017-12-19 15:26:05
日志级别:Info
日志位置:类[MainUI],方法[Start]
日志内容:软件启动完毕

日志时间:2017-12-19 15:45:49
日志级别:Info
日志位置:类[MainUI],方法[Start]
日志内容:软件开始启动

日志时间:2017-12-19 15:45:50
日志级别:Info
日志位置:类[BssClient],方法[Start]
日志内容:BSSClient已启动

日志时间:2017-12-19 15:45:50
日志级别:Info
日志位置:类[GServer],方法[Start]
日志内容:GPSClient已启动

日志时间:2017-12-19 15:45:50
日志级别:Info
日志位置:类[DataAnalysis],方法[Start]
日志内容:DataAnalysis已启动

日志时间:2017-12-19 15:45:50
日志级别:Info
日志位置:类[MainUI],方法[Start]
日志内容:软件启动完毕

日志时间:2017-12-19 15:50:16
日志级别:Info
日志位置:类[MainUI],方法[Start]
日志内容:软件开始启动

日志时间:2017-12-19 15:50:17
日志级别:Info
日志位置:类[BssClient],方法[Start]
日志内容:BSSClient已启动

日志时间:2017-12-19 15:50:17
日志级别:Info
日志位置:类[GServer],方法[Start]
日志内容:GPSClient已启动

日志时间:2017-12-19 15:50:17
日志级别:Info
日志位置:类[DataAnalysis],方法[Start]
日志内容:DataAnalysis已启动

日志时间:2017-12-19 15:50:17
日志级别:Info
日志位置:类[MainUI],方法[Start]
日志内容:软件启动完毕

日志时间:2017-12-19 17:39:37
日志级别:Info
日志位置:类[MainUI],方法[Start]
日志内容:软件开始启动

日志时间:2017-12-19 17:41:24
日志级别:Info
日志位置:类[MainUI],方法[Start]
日志内容:软件开始启动

日志时间:2017-12-19 17:42:29
日志级别:Info
日志位置:类[BssClient],方法[Start]
日志内容:BSSClient已启动

日志时间:2017-12-19 17:42:29
日志级别:Info
日志位置:类[GServer],方法[Start]
日志内容:GPSClient已启动

日志时间:2017-12-19 17:42:29
日志级别:Info
日志位置:类[DataAnalysis],方法[Start]
日志内容:DataAnalysis已启动

日志时间:2017-12-19 17:42:29
日志级别:Info
日志位置:类[MainUI],方法[Start]
日志内容:软件启动完毕

日志时间:2017-12-19 17:44:32
日志级别:Info
日志位置:类[MainUI],方法[Start]
日志内容:软件开始启动

日志时间:2017-12-19 17:44:34
日志级别:Info
日志位置:类[BssClient],方法[Start]
日志内容:BSSClient已启动

日志时间:2017-12-19 17:44:34
日志级别:Info
日志位置:类[GServer],方法[Start]
日志内容:GPSClient已启动

日志时间:2017-12-19 17:44:34
日志级别:Info
日志位置:类[DataAnalysis],方法[Start]
日志内容:DataAnalysis已启动

日志时间:2017-12-19 17:44:34
日志级别:Info
日志位置:类[MainUI],方法[Start]
日志内容:软件启动完毕

日志时间:2017-12-19 18:03:28
日志级别:Info
日志位置:类[MainUI],方法[Start]
日志内容:软件开始启动

日志时间:2017-12-19 18:03:36
日志级别:Info
日志位置:类[BssClient],方法[Start]
日志内容:BSSClient已启动

日志时间:2017-12-19 18:03:36
日志级别:Info
日志位置:类[GServer],方法[Start]
日志内容:GPSClient已启动

日志时间:2017-12-19 18:03:36
日志级别:Info
日志位置:类[DataAnalysis],方法[Start]
日志内容:DataAnalysis已启动

日志时间:2017-12-19 18:03:36
日志级别:Info
日志位置:类[MainUI],方法[Start]
日志内容:软件启动完毕

日志时间:2017-12-19 18:11:09
日志级别:Info
日志位置:类[MainUI],方法[Start]
日志内容:软件开始启动

日志时间:2017-12-19 18:11:14
日志级别:Info
日志位置:类[BssClient],方法[Start]
日志内容:BSSClient已启动

日志时间:2017-12-19 18:11:14
日志级别:Info
日志位置:类[GServer],方法[Start]
日志内容:GPSClient已启动

日志时间:2017-12-19 18:11:14
日志级别:Info
日志位置:类[DataAnalysis],方法[Start]
日志内容:DataAnalysis已启动

日志时间:2017-12-19 18:11:14
日志级别:Info
日志位置:类[MainUI],方法[Start]
日志内容:软件启动完毕

日志时间:2017-12-19 18:12:00
日志级别:Info
日志位置:类[MainUI],方法[Start]
日志内容:软件退出

日志时间:2017-12-19 18:18:52
日志级别:Info
日志位置:类[MainUI],方法[Start]
日志内容:软件开始启动

日志时间:2017-12-19 18:18:54
日志级别:Info
日志位置:类[BssClient],方法[Start]
日志内容:BSSClient已启动

日志时间:2017-12-19 18:18:54
日志级别:Info
日志位置:类[GServer],方法[Start]
日志内容:GPSClient已启动

日志时间:2017-12-19 18:18:54
日志级别:Info
日志位置:类[DataAnalysis],方法[Start]
日志内容:DataAnalysis已启动

日志时间:2017-12-19 18:18:54
日志级别:Info
日志位置:类[MainUI],方法[Start]
日志内容:软件启动完毕

日志时间:2017-12-19 18:21:46
日志级别:Info
日志位置:类[MainUI],方法[Start]
日志内容:软件退出

