日志时间:2017-12-19 15:26:33
日志级别:Info
日志位置:类[BSSClient],方法[Client_ReceiveEvent]
日志内容:地址：192.168.10.192:1003收到消息:[5211ZLDBH:2017121900001*#QSDW:??????120*#QSR:????*#QSSJ:12/19/2017 15:15:19*#EXT1:0*#EXT2:*#EXT3:*#EXT4:*#EXT5:*#]

日志时间:2017-12-19 15:45:56
日志级别:Info
日志位置:类[BSSClient],方法[Client_ReceiveEvent]
日志内容:地址：192.168.10.192:1003收到消息:[5211ZLDBH:2017121900001*#QSDW:南京市120*#QSR:李四*#QSSJ:12/19/2017 15:15:19*#EXT1:0*#EXT2:*#EXT3:*#EXT4:*#EXT5:*#]

日志时间:2017-12-19 15:50:35
日志级别:Info
日志位置:类[BSSClient],方法[Client_ReceiveEvent]
日志内容:地址：192.168.10.192:1003收到消息:[5211ZLDBH:2017121900001*#QSDW:南京市120*#QSR:李四*#QSSJ:12/19/2017 15:15:19*#EXT1:0*#EXT2:*#EXT3:*#EXT4:*#EXT5:*#]

日志时间:2017-12-19 15:50:58
日志级别:Info
日志位置:类[BSSClient],方法[Client_ReceiveEvent]
日志内容:地址：192.168.10.192:1003收到消息:[5212ZLDBH:2017121900001*#TDBH:201712190002*#TDDW:南京市120*#TDR:李四*#TDSJ:12/19/2017 15:15:19*#TDYY:假警*#EXT1:0*#EXT2:*#EXT3:*#EXT4:*#EXT5:*#]


日志时间:2017-12-19 15:51:12
日志级别:Info
日志位置:类[BSSClient],方法[Client_ReceiveEvent]
日志内容:地址：192.168.10.192:1003收到消息:[5214ZLDBH:2017121900001*#FKDBH:201712190002*#FKDW:南京市120*#FKR:李四*#FKSJ:12/19/2017 15:15:19*#FKNR:这是反馈内容*#FKJQLB:过程反馈*#EXT1:0*#EXT2:*#EXT3:*#EXT4:*#EXT5:*#]


日志时间:2017-12-19 15:51:33
日志级别:Info
日志位置:类[BSSClient],方法[Client_ReceiveEvent]
日志内容:地址：192.168.10.192:1003收到消息:[5214ZLDBH:2017121900001*#FKDBH:201712190002*#FKDW:南京市120*#FKR:张三*#FKSJ:12/19/2017 15:15:19*#FKNR:这是反馈内容*#FKJQLB:过程反馈*#EXT1:0*#EXT2:*#EXT3:*#EXT4:*#EXT5:*#]


日志时间:2017-12-19 15:51:47
日志级别:Info
日志位置:类[BSSClient],方法[Client_ReceiveEvent]
日志内容:地址：192.168.10.192:1003收到消息:[5215ZLDBH:2017121900001*#JHCCPH:苏A88888*#SSJG:南京市120*#LXDH:13333333333*#JSYXM:赵四*#YSXM:徐某*#YSDH:13344444444*#GPSSTATUS:1*#EXT1:0*#EXT2:*#EXT3:*#EXT4:*#EXT5:*#]


日志时间:2017-12-19 15:52:11
日志级别:Info
日志位置:类[BSSClient],方法[Client_ReceiveEvent]
日志内容:地址：192.168.10.192:1003收到消息:[5217ZLDBH:2017121900001*#JHCCPH:苏A88888*#STATUS:出车*#CHECI:01*#TIME:12/19/2017 15:15:19*#RWZZYY:*#EXT1:0*#EXT2:*#EXT3:*#EXT4:*#EXT5:*#]


日志时间:2017-12-19 18:04:44
日志级别:Info
日志位置:类[BSSClient],方法[Client_ReceiveEvent]
日志内容:地址：192.168.10.192:1003收到消息:[5211ZLDBH:2017121900001*#QSDW:南京市120*#QSR:李四*#QSSJ:12/19/2017 15:15:19*#EXT1:0*#EXT2:*#EXT3:*#EXT4:*#EXT5:*#]


日志时间:2017-12-19 18:05:00
日志级别:Info
日志位置:类[BSSClient],方法[Client_ReceiveEvent]
日志内容:地址：192.168.10.192:1003收到消息:[5212ZLDBH:2017121900001*#TDBH:201712190002*#TDDW:南京市120*#TDR:李四*#TDSJ:12/19/2017 15:15:19*#TDYY:假警*#EXT1:0*#EXT2:*#EXT3:*#EXT4:*#EXT5:*#]


日志时间:2017-12-19 18:05:12
日志级别:Info
日志位置:类[BSSClient],方法[Client_ReceiveEvent]
日志内容:地址：192.168.10.192:1003收到消息:[5214ZLDBH:2017121900001*#FKDBH:201712190002*#FKDW:南京市120*#FKR:李四*#FKSJ:12/19/2017 15:15:19*#FKNR:这是反馈内容*#FKJQLB:过程反馈*#EXT1:0*#EXT2:*#EXT3:*#EXT4:*#EXT5:*#]


日志时间:2017-12-19 18:05:18
日志级别:Info
日志位置:类[BSSClient],方法[Client_ReceiveEvent]
日志内容:地址：192.168.10.192:1003收到消息:[5215ZLDBH:2017121900001*#JHCCPH:苏A88888*#SSJG:南京市120*#LXDH:13333333333*#JSYXM:赵四*#YSXM:徐某*#YSDH:13344444444*#GPSSTATUS:1*#EXT1:0*#EXT2:*#EXT3:*#EXT4:*#EXT5:*#]


日志时间:2017-12-19 18:05:24
日志级别:Info
日志位置:类[BSSClient],方法[Client_ReceiveEvent]
日志内容:地址：192.168.10.192:1003收到消息:[5217ZLDBH:2017121900001*#JHCCPH:苏A88888*#STATUS:出车*#CHECI:01*#TIME:12/19/2017 15:15:19*#RWZZYY:*#EXT1:0*#EXT2:*#EXT3:*#EXT4:*#EXT5:*#]


日志时间:2017-12-19 18:19:37
日志级别:Info
日志位置:类[BSSClient],方法[Client_ReceiveEvent]
日志内容:地址：192.168.10.192:1003收到消息:[5211ZLDBH:2017121900002*#QSDW:南京市120*#QSR:李四*#QSSJ:12/19/2017 15:15:19*#EXT1:0*#EXT2:*#EXT3:*#EXT4:*#EXT5:*#]


日志时间:2017-12-19 18:19:41
日志级别:Info
日志位置:类[BSSClient],方法[Client_ReceiveEvent]
日志内容:地址：192.168.10.192:1003收到消息:[5211ZLDBH:2017121900003*#QSDW:南京市120*#QSR:李四*#QSSJ:12/19/2017 15:15:19*#EXT1:0*#EXT2:*#EXT3:*#EXT4:*#EXT5:*#]


