日志时间:2017-12-18 21:25:14
日志级别:Info
日志位置:类[OracleHelper],方法[ExecuteList]
日志内容:System.Data.OracleClient 需要 Oracle 客户端软件 version 8.1.7 或更高版本。

日志时间:2017-12-18 21:25:18
日志级别:Info
日志位置:类[OracleHelper],方法[ExecuteList]
日志内容:System.Data.OracleClient 需要 Oracle 客户端软件 version 8.1.7 或更高版本。

日志时间:2017-12-18 21:29:42
日志级别:Info
日志位置:类[OracleHelper],方法[ExecuteList]
日志内容:System.Data.OracleClient 需要 Oracle 客户端软件 version 8.1.7 或更高版本。

日志时间:2017-12-18 21:29:46
日志级别:Info
日志位置:类[OracleHelper],方法[ExecuteList]
日志内容:System.Data.OracleClient 需要 Oracle 客户端软件 version 8.1.7 或更高版本。

日志时间:2017-12-18 21:31:07
日志级别:Info
日志位置:类[OracleHelper],方法[ExecuteList]
日志内容:System.Data.OracleClient 需要 Oracle 客户端软件 version 8.1.7 或更高版本。

日志时间:2017-12-18 21:31:26
日志级别:Info
日志位置:类[OracleHelper],方法[ExecuteList]
日志内容:System.Data.OracleClient 需要 Oracle 客户端软件 version 8.1.7 或更高版本。

日志时间:2017-12-18 21:33:22
日志级别:Info
日志位置:类[OracleHelper],方法[ExecuteList]
日志内容:System.Data.OracleClient 需要 Oracle 客户端软件 version 8.1.7 或更高版本。

日志时间:2017-12-18 21:37:04
日志级别:Info
日志位置:类[OracleHelper],方法[ExecuteList]
日志内容:System.Data.OracleClient 需要 Oracle 客户端软件 version 8.1.7 或更高版本。

日志时间:2017-12-18 21:40:27
日志级别:Info
日志位置:类[OracleHelper],方法[ExecuteTest]
日志内容:无效操作。连接被关闭。

日志时间:2017-12-18 21:40:28
日志级别:Info
日志位置:类[OracleHelper],方法[ExecuteList]
日志内容:System.Data.OracleClient 需要 Oracle 客户端软件 version 8.1.7 或更高版本。

日志时间:2017-12-18 21:40:28
日志级别:Info
日志位置:类[OracleHelper],方法[ExecuteList]
日志内容:System.Data.OracleClient 需要 Oracle 客户端软件 version 8.1.7 或更高版本。

日志时间:2017-12-18 21:40:38
日志级别:Info
日志位置:类[OracleHelper],方法[ExecuteList]
日志内容:System.Data.OracleClient 需要 Oracle 客户端软件 version 8.1.7 或更高版本。

日志时间:2017-12-18 21:40:38
日志级别:Info
日志位置:类[OracleHelper],方法[ExecuteList]
日志内容:System.Data.OracleClient 需要 Oracle 客户端软件 version 8.1.7 或更高版本。

日志时间:2017-12-18 21:40:48
日志级别:Info
日志位置:类[OracleHelper],方法[ExecuteList]
日志内容:System.Data.OracleClient 需要 Oracle 客户端软件 version 8.1.7 或更高版本。

日志时间:2017-12-18 21:40:48
日志级别:Info
日志位置:类[OracleHelper],方法[ExecuteList]
日志内容:System.Data.OracleClient 需要 Oracle 客户端软件 version 8.1.7 或更高版本。

日志时间:2017-12-18 21:40:58
日志级别:Info
日志位置:类[OracleHelper],方法[ExecuteList]
日志内容:System.Data.OracleClient 需要 Oracle 客户端软件 version 8.1.7 或更高版本。

日志时间:2017-12-18 21:40:58
日志级别:Info
日志位置:类[OracleHelper],方法[ExecuteList]
日志内容:System.Data.OracleClient 需要 Oracle 客户端软件 version 8.1.7 或更高版本。

日志时间:2017-12-18 21:43:53
日志级别:Info
日志位置:类[OracleHelper],方法[ExecuteTest]
日志内容:无效操作。连接被关闭。

日志时间:2017-12-18 21:43:53
日志级别:Info
日志位置:类[OracleHelper],方法[ExecuteList]
日志内容:System.Data.OracleClient 需要 Oracle 客户端软件 version 8.1.7 或更高版本。

日志时间:2017-12-18 21:43:53
日志级别:Info
日志位置:类[OracleHelper],方法[ExecuteList]
日志内容:System.Data.OracleClient 需要 Oracle 客户端软件 version 8.1.7 或更高版本。

日志时间:2017-12-18 21:44:03
日志级别:Info
日志位置:类[OracleHelper],方法[ExecuteList]
日志内容:System.Data.OracleClient 需要 Oracle 客户端软件 version 8.1.7 或更高版本。

日志时间:2017-12-18 21:44:03
日志级别:Info
日志位置:类[OracleHelper],方法[ExecuteList]
日志内容:System.Data.OracleClient 需要 Oracle 客户端软件 version 8.1.7 或更高版本。

日志时间:2017-12-18 21:44:13
日志级别:Info
日志位置:类[OracleHelper],方法[ExecuteList]
日志内容:System.Data.OracleClient 需要 Oracle 客户端软件 version 8.1.7 或更高版本。

日志时间:2017-12-18 21:44:13
日志级别:Info
日志位置:类[OracleHelper],方法[ExecuteList]
日志内容:System.Data.OracleClient 需要 Oracle 客户端软件 version 8.1.7 或更高版本。

日志时间:2017-12-18 21:44:23
日志级别:Info
日志位置:类[OracleHelper],方法[ExecuteList]
日志内容:System.Data.OracleClient 需要 Oracle 客户端软件 version 8.1.7 或更高版本。

日志时间:2017-12-18 21:44:23
日志级别:Info
日志位置:类[OracleHelper],方法[ExecuteList]
日志内容:System.Data.OracleClient 需要 Oracle 客户端软件 version 8.1.7 或更高版本。

日志时间:2017-12-18 21:44:33
日志级别:Info
日志位置:类[OracleHelper],方法[ExecuteList]
日志内容:System.Data.OracleClient 需要 Oracle 客户端软件 version 8.1.7 或更高版本。

日志时间:2017-12-18 21:44:33
日志级别:Info
日志位置:类[OracleHelper],方法[ExecuteList]
日志内容:System.Data.OracleClient 需要 Oracle 客户端软件 version 8.1.7 或更高版本。

日志时间:2017-12-18 21:44:43
日志级别:Info
日志位置:类[OracleHelper],方法[ExecuteList]
日志内容:System.Data.OracleClient 需要 Oracle 客户端软件 version 8.1.7 或更高版本。

日志时间:2017-12-18 21:44:43
日志级别:Info
日志位置:类[OracleHelper],方法[ExecuteList]
日志内容:System.Data.OracleClient 需要 Oracle 客户端软件 version 8.1.7 或更高版本。

日志时间:2017-12-18 21:44:53
日志级别:Info
日志位置:类[OracleHelper],方法[ExecuteTest]
日志内容:无效操作。连接被关闭。

日志时间:2017-12-18 21:44:53
日志级别:Info
日志位置:类[OracleHelper],方法[ExecuteList]
日志内容:System.Data.OracleClient 需要 Oracle 客户端软件 version 8.1.7 或更高版本。

日志时间:2017-12-18 21:44:53
日志级别:Info
日志位置:类[OracleHelper],方法[ExecuteList]
日志内容:System.Data.OracleClient 需要 Oracle 客户端软件 version 8.1.7 或更高版本。

日志时间:2017-12-18 21:45:05
日志级别:Info
日志位置:类[OracleHelper],方法[ExecuteList]
日志内容:System.Data.OracleClient 需要 Oracle 客户端软件 version 8.1.7 或更高版本。

日志时间:2017-12-18 21:45:06
日志级别:Info
日志位置:类[OracleHelper],方法[ExecuteList]
日志内容:System.Data.OracleClient 需要 Oracle 客户端软件 version 8.1.7 或更高版本。

日志时间:2017-12-18 21:45:16
日志级别:Info
日志位置:类[OracleHelper],方法[ExecuteList]
日志内容:System.Data.OracleClient 需要 Oracle 客户端软件 version 8.1.7 或更高版本。

日志时间:2017-12-18 21:45:16
日志级别:Info
日志位置:类[OracleHelper],方法[ExecuteList]
日志内容:System.Data.OracleClient 需要 Oracle 客户端软件 version 8.1.7 或更高版本。

日志时间:2017-12-18 21:45:32
日志级别:Info
日志位置:类[OracleHelper],方法[ExecuteList]
日志内容:System.Data.OracleClient 需要 Oracle 客户端软件 version 8.1.7 或更高版本。

日志时间:2017-12-18 21:45:32
日志级别:Info
日志位置:类[OracleHelper],方法[ExecuteList]
日志内容:System.Data.OracleClient 需要 Oracle 客户端软件 version 8.1.7 或更高版本。

日志时间:2017-12-18 22:23:22
日志级别:Info
日志位置:类[OracleHelper],方法[ExecuteTest]
日志内容:无效操作。连接被关闭。

日志时间:2017-12-18 22:24:13
日志级别:Info
日志位置:类[OracleHelper],方法[ExecuteTest]
日志内容:无效操作。连接被关闭。

日志时间:2017-12-18 22:37:02
日志级别:Info
日志位置:类[OracleHelper],方法[ExecuteList]
日志内容:System.Data.OracleClient 需要 Oracle 客户端软件 version 8.1.7 或更高版本。

日志时间:2017-12-18 22:37:02
日志级别:Info
日志位置:类[OracleHelper],方法[ExecuteTest]
日志内容:无效操作。连接被关闭。

