日志时间:2017-12-20 17:00:32
日志级别:Info
日志位置:类[],方法[]
日志内容:


日志时间:2017-12-20 17:11:40
日志级别:Info
日志位置:类[],方法[]
日志内容:


日志时间:2017-12-20 17:13:32
日志级别:Info
日志位置:类[],方法[]
日志内容:
指令单编号：2017122000003
    车牌号：苏A12101


日志时间:2017-12-20 17:15:41
日志级别:Info
日志位置:类[],方法[]
日志内容:


日志时间:2017-12-20 17:18:27
日志级别:Info
日志位置:类[],方法[]
日志内容:
指令单编号：2017122000002
    车牌号：苏A12101
指令单编号：2017122000001
    车牌号：苏A12101


日志时间:2017-12-20 17:27:23
日志级别:Info
日志位置:类[],方法[]
日志内容:


日志时间:2017-12-20 17:37:02
日志级别:Info
日志位置:类[],方法[]
日志内容:


日志时间:2017-12-20 17:37:36
日志级别:Info
日志位置:类[],方法[]
日志内容:
指令单编号：2017122000002
    车牌号：苏A12101
指令单编号：2017122000001
    车牌号：苏A12101


日志时间:2017-12-20 17:38:09
日志级别:Info
日志位置:类[],方法[]
日志内容:
指令单编号：2017122000006


日志时间:2017-12-20 17:39:43
日志级别:Info
日志位置:类[],方法[]
日志内容:


日志时间:2017-12-20 17:47:02
日志级别:Info
日志位置:类[],方法[]
日志内容:
指令单编号：2017122000007
指令单编号：2017122000002
    车牌号：苏A12101
指令单编号：2017122000001
    车牌号：苏A12101


