日志时间:2018-01-03 11:21:46
日志级别:Info
日志位置:类[MainUI],方法[Start]
日志内容:软件开始启动

日志时间:2018-01-03 11:21:47
日志级别:Info
日志位置:类[BssClient],方法[Start]
日志内容:BSSClient已启动

日志时间:2018-01-03 11:21:47
日志级别:Info
日志位置:类[GServer],方法[Start]
日志内容:GPSClient已启动

日志时间:2018-01-03 11:21:47
日志级别:Info
日志位置:类[DataAnalysis],方法[Start]
日志内容:DataAnalysis已启动

日志时间:2018-01-03 11:21:47
日志级别:Info
日志位置:类[MainUI],方法[Start]
日志内容:软件启动完毕

日志时间:2018-01-03 11:25:34
日志级别:Info
日志位置:类[MainUI],方法[Start]
日志内容:软件退出

日志时间:2018-01-03 11:26:20
日志级别:Info
日志位置:类[MainUI],方法[Start]
日志内容:软件开始启动

日志时间:2018-01-03 11:26:22
日志级别:Info
日志位置:类[BssClient],方法[Start]
日志内容:BSSClient已启动

日志时间:2018-01-03 11:26:22
日志级别:Info
日志位置:类[GServer],方法[Start]
日志内容:GPSClient已启动

日志时间:2018-01-03 11:26:22
日志级别:Info
日志位置:类[DataAnalysis],方法[Start]
日志内容:DataAnalysis已启动

日志时间:2018-01-03 11:26:22
日志级别:Info
日志位置:类[MainUI],方法[Start]
日志内容:软件启动完毕

日志时间:2018-01-03 11:30:38
日志级别:Info
日志位置:类[MainUI],方法[Start]
日志内容:软件退出

日志时间:2018-01-03 11:31:17
日志级别:Info
日志位置:类[MainUI],方法[Start]
日志内容:软件开始启动

日志时间:2018-01-03 11:31:19
日志级别:Info
日志位置:类[BssClient],方法[Start]
日志内容:BSSClient已启动

日志时间:2018-01-03 11:31:19
日志级别:Info
日志位置:类[GServer],方法[Start]
日志内容:GPSClient已启动

日志时间:2018-01-03 11:31:26
日志级别:Info
日志位置:类[DataAnalysis],方法[Start]
日志内容:DataAnalysis已启动

日志时间:2018-01-03 11:31:26
日志级别:Info
日志位置:类[MainUI],方法[Start]
日志内容:软件启动完毕

日志时间:2018-01-03 11:32:37
日志级别:Info
日志位置:类[MainUI],方法[Start]
日志内容:软件退出

日志时间:2018-01-03 11:33:01
日志级别:Info
日志位置:类[MainUI],方法[Start]
日志内容:软件开始启动

日志时间:2018-01-03 11:33:03
日志级别:Info
日志位置:类[BssClient],方法[Start]
日志内容:BSSClient已启动

日志时间:2018-01-03 11:33:03
日志级别:Info
日志位置:类[GServer],方法[Start]
日志内容:GPSClient已启动

日志时间:2018-01-03 11:33:03
日志级别:Info
日志位置:类[DataAnalysis],方法[Start]
日志内容:DataAnalysis已启动

日志时间:2018-01-03 11:33:03
日志级别:Info
日志位置:类[MainUI],方法[Start]
日志内容:软件启动完毕

日志时间:2018-01-03 11:36:03
日志级别:Info
日志位置:类[MainUI],方法[Start]
日志内容:软件退出

日志时间:2018-01-03 11:36:31
日志级别:Info
日志位置:类[MainUI],方法[Start]
日志内容:软件开始启动

日志时间:2018-01-03 11:36:32
日志级别:Info
日志位置:类[BssClient],方法[Start]
日志内容:BSSClient已启动

日志时间:2018-01-03 11:36:32
日志级别:Info
日志位置:类[GServer],方法[Start]
日志内容:GPSClient已启动

日志时间:2018-01-03 11:36:32
日志级别:Info
日志位置:类[DataAnalysis],方法[Start]
日志内容:DataAnalysis已启动

日志时间:2018-01-03 11:36:32
日志级别:Info
日志位置:类[MainUI],方法[Start]
日志内容:软件启动完毕

