日志时间:2018-01-04 15:28:30
日志级别:Info
日志位置:类[MainUI],方法[Start]
日志内容:软件开始启动

日志时间:2018-01-04 15:28:33
日志级别:Info
日志位置:类[BssClient],方法[Start]
日志内容:BSSClient已启动

日志时间:2018-01-04 15:28:33
日志级别:Info
日志位置:类[GServer],方法[Start]
日志内容:GPSClient已启动

日志时间:2018-01-04 15:28:33
日志级别:Info
日志位置:类[DataAnalysis],方法[Start]
日志内容:DataAnalysis已启动

日志时间:2018-01-04 15:28:33
日志级别:Info
日志位置:类[MainUI],方法[Start]
日志内容:软件启动完毕

日志时间:2018-01-04 15:28:39
日志级别:Info
日志位置:类[MainUI],方法[Start]
日志内容:软件退出

日志时间:2018-01-04 15:29:28
日志级别:Info
日志位置:类[MainUI],方法[Start]
日志内容:软件开始启动

日志时间:2018-01-04 15:29:29
日志级别:Info
日志位置:类[BssClient],方法[Start]
日志内容:BSSClient已启动

日志时间:2018-01-04 15:29:29
日志级别:Info
日志位置:类[GServer],方法[Start]
日志内容:GPSClient已启动

日志时间:2018-01-04 15:29:29
日志级别:Info
日志位置:类[DataAnalysis],方法[Start]
日志内容:DataAnalysis已启动

日志时间:2018-01-04 15:29:29
日志级别:Info
日志位置:类[MainUI],方法[Start]
日志内容:软件启动完毕

日志时间:2018-01-04 15:33:11
日志级别:Info
日志位置:类[MainUI],方法[Start]
日志内容:软件开始启动

日志时间:2018-01-04 15:33:12
日志级别:Info
日志位置:类[BssClient],方法[Start]
日志内容:BSSClient已启动

日志时间:2018-01-04 15:33:12
日志级别:Info
日志位置:类[GServer],方法[Start]
日志内容:GPSClient已启动

日志时间:2018-01-04 15:33:12
日志级别:Info
日志位置:类[DataAnalysis],方法[Start]
日志内容:DataAnalysis已启动

日志时间:2018-01-04 15:33:12
日志级别:Info
日志位置:类[MainUI],方法[Start]
日志内容:软件启动完毕

日志时间:2018-01-04 15:39:25
日志级别:Info
日志位置:类[MainUI],方法[Start]
日志内容:软件开始启动

日志时间:2018-01-04 15:39:27
日志级别:Info
日志位置:类[BssClient],方法[Start]
日志内容:BSSClient已启动

日志时间:2018-01-04 15:39:27
日志级别:Info
日志位置:类[GServer],方法[Start]
日志内容:GPSClient已启动

日志时间:2018-01-04 15:39:27
日志级别:Info
日志位置:类[DataAnalysis],方法[Start]
日志内容:DataAnalysis已启动

日志时间:2018-01-04 15:39:27
日志级别:Info
日志位置:类[MainUI],方法[Start]
日志内容:软件启动完毕

